#
# A fatal error has been detected by the Java Runtime Environment:
#
#  EXCEPTION_ACCESS_VIOLATION (0xc0000005) at pc=0x0000000067e48be0, pid=24548, tid=18492
#
# JRE version: OpenJDK Runtime Environment (11.0+28) (build 11+28)
# Java VM: OpenJDK 64-Bit Server VM (11+28, mixed mode, tiered, compressed oops, g1 gc, windows-amd64)
# Problematic frame:
# C  [gdx-bullet64.dll+0x188be0]
#
# No core dump will be written. Minidumps are not enabled by default on client versions of Windows
#
# If you would like to submit a bug report, please visit:
#   http://bugreport.java.com/bugreport/crash.jsp
# The crash happened outside the Java Virtual Machine in native code.
# See problematic frame for where to report the bug.
#

---------------  S U M M A R Y ------------

Command Line: -agentlib:jdwp=transport=dt_socket,server=n,suspend=y,address=60784 -Dfile.encoding=windows-1252 -Duser.country=US -Duser.language=en -Duser.variant com.simple.castle.server.ServerLauncher

Host: AMD Ryzen 5 1600 Six-Core Processor            , 12 cores, 23G,  Windows 10 , 64 bit Build 19041 (10.0.19041.292)
Time: Tue Sep 15 14:01:19 2020 FLE Daylight Time elapsed time: 29 seconds (0d 0h 0m 29s)

---------------  T H R E A D  ---------------

Current thread (0x000001cd0b18b800):  JavaThread "LWJGL Application" [_thread_in_native, id=18492, stack(0x00000023a4f30000,0x00000023a5030000)]

Stack: [0x00000023a4f30000,0x00000023a5030000],  sp=0x00000023a502e068,  free space=1016k
Native frames: (J=compiled Java code, j=interpreted, Vv=VM code, C=native code)
C  [gdx-bullet64.dll+0x188be0]

Java frames: (J=compiled Java code, j=interpreted, Vv=VM code)
j  com.badlogic.gdx.physics.bullet.collision.CollisionJNI.btBroadphaseProxy_collisionFilterMask_get(JLcom/badlogic/gdx/physics/bullet/collision/btBroadphaseProxy;)I+0
j  com.badlogic.gdx.physics.bullet.collision.btBroadphaseProxy.getCollisionFilterMask()I+5
v  ~StubRoutines::call_stub
j  castle.server.ashley.physic.PhysicObject.<init>(Lcom/badlogic/gdx/physics/bullet/dynamics/btRigidBody$btRigidBodyConstructionInfo;IILjava/lang/String;ILjava/util/List;)V+229
j  castle.server.ashley.physic.Constructor.getPhysicObject()Lcastle/server/ashley/physic/PhysicObject;+51
j  castle.server.ashley.component.PhysicComponent$Companion.createComponent(Lcom/badlogic/ashley/core/Engine;Lcastle/server/ashley/physic/Constructor;)Lcastle/server/ashley/component/PhysicComponent;+30
j  castle.server.ashley.physic.Constructor.instantiate(Lcom/badlogic/ashley/core/Engine;)Lcom/badlogic/ashley/core/Entity;+117
j  castle.server.ashley.systems.InitSystem.init()V+174
j  castle.server.ashley.systems.InitSystem.addedToEngine(Lcom/badlogic/ashley/core/Engine;)V+7
j  com.badlogic.ashley.core.EntitySystem.addedToEngineInternal(Lcom/badlogic/ashley/core/Engine;)V+7
j  com.badlogic.ashley.core.Engine$EngineSystemListener.systemAdded(Lcom/badlogic/ashley/core/EntitySystem;)V+5
j  com.badlogic.ashley.core.SystemManager.addSystem(Lcom/badlogic/ashley/core/EntitySystem;)V+54
j  com.badlogic.ashley.core.Engine.addSystem(Lcom/badlogic/ashley/core/EntitySystem;)V+5
j  castle.server.ashley.engine.CustomEngine.addSystem(Lcom/badlogic/ashley/core/EntitySystem;)V+42
j  castle.server.ashley.screen.GameScreen.<init>(Lcom/badlogic/gdx/graphics/g3d/ModelBatch;)V+457
j  castle.server.ashley.screen.ServerGame$gameScreen$2.invoke()Lcastle/server/ashley/screen/GameScreen;+11
j  castle.server.ashley.screen.ServerGame$gameScreen$2.invoke()Ljava/lang/Object;+1
j  kotlin.SynchronizedLazyImpl.getValue()Ljava/lang/Object;+57
j  castle.server.ashley.screen.ServerGame.getGameScreen()Lcastle/server/ashley/screen/GameScreen;+13
j  castle.server.ashley.screen.ServerGame.create()V+5
j  com.badlogic.gdx.backends.lwjgl.LwjglApplication.mainLoop()V+29
j  com.badlogic.gdx.backends.lwjgl.LwjglApplication$1.run()V+27
v  ~StubRoutines::call_stub

siginfo: EXCEPTION_ACCESS_VIOLATION (0xc0000005), reading address 0x000000000000000c


Register to memory mapping:

RIP=0x0000000067e48be0 gdx-bullet64.dll
RAX=0x0000000067e48be0 gdx-bullet64.dll
RBX={method} {0x000001cd11379550} 'btBroadphaseProxy_collisionFilterMask_get' '(JLcom/badlogic/gdx/physics/bullet/collision/btBroadphaseProxy;)I' in 'com/badlogic/gdx/physics/bullet/collision/CollisionJNI'
RCX=0x000001cd0b18bb40 points into unknown readable memory
RDX=0x00000023a502e100 is pointing into the stack for thread: 0x000001cd0b18b800
RSP=0x00000023a502e068 is pointing into the stack for thread: 0x000001cd0b18b800
RBP=0x00000023a502e0f0 is pointing into the stack for thread: 0x000001cd0b18b800
RSI=0x00000023a502e610 is pointing into the stack for thread: 0x000001cd0b18b800
RDI=0x0000000000000001 is an unknown value
R8 =0x0 is NULL
R9 =0x00000023a502e110 is pointing into the stack for thread: 0x000001cd0b18b800
R10=0x000001cd63d75ca7 is at code_begin+1959 in an Interpreter codelet
method entry point (kind = native)  [0x000001cd63d75500, 0x000001cd63d768a0]  5024 bytes
R11=0x0000000697f71e68 is an oop
java.lang.Class 
{0x0000000697f71e68} - klass: 'java/lang/Class'
R12=0x0 is NULL
R13={method} {0x000001cd11379550} 'btBroadphaseProxy_collisionFilterMask_get' '(JLcom/badlogic/gdx/physics/bullet/collision/btBroadphaseProxy;)I' in 'com/badlogic/gdx/physics/bullet/collision/CollisionJNI'
R14=0x00000023a502e120 is pointing into the stack for thread: 0x000001cd0b18b800
R15=0x000001cd0b18b800 is a thread


Registers:
RAX=0x0000000067e48be0, RBX=0x000001cd11379548, RCX=0x000001cd0b18bb40, RDX=0x00000023a502e100
RSP=0x00000023a502e068, RBP=0x00000023a502e0f0, RSI=0x00000023a502e610, RDI=0x0000000000000001
R8 =0x0000000000000000, R9 =0x00000023a502e110, R10=0x000001cd63d75ca7, R11=0x0000000697f71e68
R12=0x0000000000000000, R13=0x000001cd11379548, R14=0x00000023a502e120, R15=0x000001cd0b18b800
RIP=0x0000000067e48be0, EFLAGS=0x0000000000010287

Top of Stack: (sp=0x00000023a502e068)
0x00000023a502e068:   000001cd63d75cd6 0000000000000001
0x00000023a502e078:   000001cd63d75612 000001cd0b18b800
0x00000023a502e088:   000001cd11379548 00000023a502e610
0x00000023a502e098:   00007ffe8abad12f 000001cd63d755b6
0x00000023a502e0a8:   00000023a502e0a8 000001cd11379548
0x00000023a502e0b8:   00000023a502e120 000001cd11b7b110
0x00000023a502e0c8:   0000000000000000 0000000697f71e68
0x00000023a502e0d8:   000001cd11379548 0000000000000000
0x00000023a502e0e8:   00000023a502e110 00000023a502e170
0x00000023a502e0f8:   000001cd63d6b894 0000000697f71e68
0x00000023a502e108:   000001cd63d70bf6 0000000697f02e78
0x00000023a502e118:   0000000000000000 0000000000000000
0x00000023a502e128:   00000023a502e128 000001cd130cabbd
0x00000023a502e138:   00000023a502e180 000001cd130cbdd8
0x00000023a502e148:   0000000000000000 0000000697f028d0
0x00000023a502e158:   000001cd130cabd8 00000023a502e110 

Instructions: (pc=0x0000000067e48be0)
0x0000000067e48bc0:   41 8b 40 08 c3 90 66 2e 0f 1f 84 00 00 00 00 00
0x0000000067e48bd0:   4d 85 c0 74 08 8b 44 24 28 41 89 40 0c f3 c3 90
0x0000000067e48be0:   41 8b 40 0c c3 90 66 2e 0f 1f 84 00 00 00 00 00
0x0000000067e48bf0:   4d 85 c0 74 08 8b 44 24 28 41 89 40 10 f3 c3 90 



---------------  P R O C E S S  ---------------

Threads class SMR info:
_java_thread_list=0x000001cd0b5a61c0, length=16, elements={
0x000001cd7ed4f000, 0x000001cd7ed58000, 0x000001cd7edaf000, 0x000001cd7edb1000,
0x000001cd7edb7000, 0x000001cd7edb8800, 0x000001cd7edbd000, 0x000001cd7ef4a800,
0x000001cd7ef4b000, 0x000001cd7ef4e000, 0x000001cd7ef5c800, 0x000001cd7ef69800,
0x000001cd06360800, 0x000001cd06407000, 0x000001cd0b18b800, 0x000001cd5b9d3800
}

Java Threads: ( => current thread )
  0x000001cd7ed4f000 JavaThread "Reference Handler" daemon [_thread_blocked, id=9040, stack(0x00000023a3b00000,0x00000023a3c00000)]
  0x000001cd7ed58000 JavaThread "Finalizer" daemon [_thread_blocked, id=6712, stack(0x00000023a3c00000,0x00000023a3d00000)]
  0x000001cd7edaf000 JavaThread "Signal Dispatcher" daemon [_thread_blocked, id=1072, stack(0x00000023a3d00000,0x00000023a3e00000)]
  0x000001cd7edb1000 JavaThread "Attach Listener" daemon [_thread_blocked, id=2952, stack(0x00000023a3e00000,0x00000023a3f00000)]
  0x000001cd7edb7000 JavaThread "C2 CompilerThread0" daemon [_thread_blocked, id=10016, stack(0x00000023a3f00000,0x00000023a4000000)]
  0x000001cd7edb8800 JavaThread "C1 CompilerThread0" daemon [_thread_blocked, id=17212, stack(0x00000023a4000000,0x00000023a4100000)]
  0x000001cd7edbd000 JavaThread "Sweeper thread" daemon [_thread_blocked, id=14588, stack(0x00000023a4100000,0x00000023a4200000)]
  0x000001cd7ef4a800 JavaThread "JDWP Transport Listener: dt_socket" daemon [_thread_blocked, id=15120, stack(0x00000023a4200000,0x00000023a4300000)]
  0x000001cd7ef4b000 JavaThread "JDWP Event Helper Thread" daemon [_thread_blocked, id=14348, stack(0x00000023a4300000,0x00000023a4400000)]
  0x000001cd7ef4e000 JavaThread "JDWP Command Reader" daemon [_thread_in_native, id=18732, stack(0x00000023a4400000,0x00000023a4500000)]
  0x000001cd7ef5c800 JavaThread "Service Thread" daemon [_thread_blocked, id=21120, stack(0x00000023a4500000,0x00000023a4600000)]
  0x000001cd7ef69800 JavaThread "Common-Cleaner" daemon [_thread_blocked, id=21944, stack(0x00000023a4700000,0x00000023a4800000)]
  0x000001cd06360800 JavaThread "Java2D Disposer" daemon [_thread_blocked, id=15944, stack(0x00000023a4800000,0x00000023a4900000)]
  0x000001cd06407000 JavaThread "AWT-Windows" daemon [_thread_in_native, id=16660, stack(0x00000023a4a00000,0x00000023a4b00000)]
=>0x000001cd0b18b800 JavaThread "LWJGL Application" [_thread_in_native, id=18492, stack(0x00000023a4f30000,0x00000023a5030000)]
  0x000001cd5b9d3800 JavaThread "DestroyJavaVM" [_thread_blocked, id=8764, stack(0x00000023a3400000,0x00000023a3500000)]

Other Threads:
  0x000001cd7ed2c000 VMThread "VM Thread" [stack: 0x00000023a3a00000,0x00000023a3b00000] [id=3968]
  0x000001cd7ef5d800 WatcherThread [stack: 0x00000023a4600000,0x00000023a4700000] [id=21076]
  0x000001cd5b9eb800 GCTaskThread "GC Thread#0" [stack: 0x00000023a3500000,0x00000023a3600000] [id=20928]
  0x000001cd107ae800 GCTaskThread "GC Thread#1" [stack: 0x00000023a5730000,0x00000023a5830000] [id=4436]
  0x000001cd106ed800 GCTaskThread "GC Thread#2" [stack: 0x00000023a5830000,0x00000023a5930000] [id=25404]
  0x000001cd10573000 GCTaskThread "GC Thread#3" [stack: 0x00000023a5930000,0x00000023a5a30000] [id=11800]
  0x000001cd10604800 GCTaskThread "GC Thread#4" [stack: 0x00000023a5a30000,0x00000023a5b30000] [id=25428]
  0x000001cd10605000 GCTaskThread "GC Thread#5" [stack: 0x00000023a5b30000,0x00000023a5c30000] [id=19744]
  0x000001cd10606000 GCTaskThread "GC Thread#6" [stack: 0x00000023a5c30000,0x00000023a5d30000] [id=20840]
  0x000001cd10399800 GCTaskThread "GC Thread#7" [stack: 0x00000023a5d30000,0x00000023a5e30000] [id=11388]
  0x000001cd1039a000 GCTaskThread "GC Thread#8" [stack: 0x00000023a5e30000,0x00000023a5f30000] [id=15316]
  0x000001cd5ba76000 ConcurrentGCThread "G1 Main Marker" [stack: 0x00000023a3600000,0x00000023a3700000] [id=7832]
  0x000001cd5ba78000 ConcurrentGCThread "G1 Conc#0" [stack: 0x00000023a3700000,0x00000023a3800000] [id=19752]
  0x000001cd7e62b800 ConcurrentGCThread "G1 Refine#0" [stack: 0x00000023a3800000,0x00000023a3900000] [id=10484]
  0x000001cd06182000 ConcurrentGCThread "G1 Refine#1" [stack: 0x00000023a5f30000,0x00000023a6030000] [id=1328]
  0x000001cd0633c800 ConcurrentGCThread "G1 Refine#2" [stack: 0x00000023a6030000,0x00000023a6130000] [id=17528]
  0x000001cd0b10a000 ConcurrentGCThread "G1 Refine#3" [stack: 0x00000023a6130000,0x00000023a6230000] [id=25604]
  0x000001cd107a3800 ConcurrentGCThread "G1 Refine#4" [stack: 0x00000023a6230000,0x00000023a6330000] [id=25608]
  0x000001cd107a4000 ConcurrentGCThread "G1 Refine#5" [stack: 0x00000023a6330000,0x00000023a6430000] [id=25612]
  0x000001cd107a5000 ConcurrentGCThread "G1 Refine#6" [stack: 0x00000023a6430000,0x00000023a6530000] [id=25616]
  0x000001cd7e62c800 ConcurrentGCThread "G1 Young RemSet Sampling" [stack: 0x00000023a3900000,0x00000023a3a00000] [id=2900]

Threads with active compile tasks:

VM state:not at safepoint (normal execution)

VM Mutex/Monitor currently owned by a thread: None

Heap address: 0x0000000681000000, size: 6128 MB, Compressed Oops mode: Zero based, Oop shift amount: 3
Narrow klass base: 0x0000000800000000, Narrow klass shift: 0
Compressed class space size: 1073741824 Address: 0x0000000800000000

Heap:
 garbage-first heap   total 393216K, used 10690K [0x0000000681000000, 0x0000000800000000)
  region size 1024K, 4 young (4096K), 3 survivors (3072K)
 Metaspace       used 18305K, capacity 18519K, committed 18816K, reserved 1067008K
  class space    used 1468K, capacity 1541K, committed 1664K, reserved 1048576K
Heap Regions: E=young(eden), S=young(survivor), O=old, HS=humongous(starts), HC=humongous(continues), CS=collection set, F=free, A=archive, TAMS=top-at-mark-start (previous, next)
|   0|0x0000000681000000, 0x0000000681100000, 0x0000000681100000|100%| O|  |TAMS 0x0000000681000000, 0x0000000681000000| Untracked 
|   1|0x0000000681100000, 0x0000000681200000, 0x0000000681200000|100%| O|  |TAMS 0x0000000681100000, 0x0000000681100000| Untracked 
|   2|0x0000000681200000, 0x0000000681270800, 0x0000000681300000| 43%| O|  |TAMS 0x0000000681200000, 0x0000000681200000| Untracked 
|   3|0x0000000681300000, 0x0000000681300000, 0x0000000681400000|  0%| F|  |TAMS 0x0000000681300000, 0x0000000681300000| Untracked 
|   4|0x0000000681400000, 0x0000000681400000, 0x0000000681500000|  0%| F|  |TAMS 0x0000000681400000, 0x0000000681400000| Untracked 
|   5|0x0000000681500000, 0x0000000681500000, 0x0000000681600000|  0%| F|  |TAMS 0x0000000681500000, 0x0000000681500000| Untracked 
|   6|0x0000000681600000, 0x0000000681600000, 0x0000000681700000|  0%| F|  |TAMS 0x0000000681600000, 0x0000000681600000| Untracked 
|   7|0x0000000681700000, 0x0000000681800000, 0x0000000681800000|100%| O|  |TAMS 0x0000000681700000, 0x0000000681700000| Untracked 
|   8|0x0000000681800000, 0x0000000681900000, 0x0000000681900000|100%| O|  |TAMS 0x0000000681800000, 0x0000000681800000| Untracked 
|   9|0x0000000681900000, 0x0000000681a00000, 0x0000000681a00000|100%| O|  |TAMS 0x0000000681900000, 0x0000000681900000| Untracked 
|  10|0x0000000681a00000, 0x0000000681b00000, 0x0000000681b00000|100%| O|  |TAMS 0x0000000681a00000, 0x0000000681a00000| Untracked 
|  11|0x0000000681b00000, 0x0000000681c00000, 0x0000000681c00000|100%| O|  |TAMS 0x0000000681b00000, 0x0000000681b00000| Untracked 
|  12|0x0000000681c00000, 0x0000000681c00000, 0x0000000681d00000|  0%| F|  |TAMS 0x0000000681c00000, 0x0000000681c00000| Untracked 
|  13|0x0000000681d00000, 0x0000000681d00000, 0x0000000681e00000|  0%| F|  |TAMS 0x0000000681d00000, 0x0000000681d00000| Untracked 
|  14|0x0000000681e00000, 0x0000000681e00000, 0x0000000681f00000|  0%| F|  |TAMS 0x0000000681e00000, 0x0000000681e00000| Untracked 
|  15|0x0000000681f00000, 0x0000000681f00000, 0x0000000682000000|  0%| F|  |TAMS 0x0000000681f00000, 0x0000000681f00000| Untracked 
|  16|0x0000000682000000, 0x0000000682000000, 0x0000000682100000|  0%| F|  |TAMS 0x0000000682000000, 0x0000000682000000| Untracked 
|  17|0x0000000682100000, 0x0000000682100000, 0x0000000682200000|  0%| F|  |TAMS 0x0000000682100000, 0x0000000682100000| Untracked 
|  18|0x0000000682200000, 0x0000000682200000, 0x0000000682300000|  0%| F|  |TAMS 0x0000000682200000, 0x0000000682200000| Untracked 
|  19|0x0000000682300000, 0x0000000682300000, 0x0000000682400000|  0%| F|  |TAMS 0x0000000682300000, 0x0000000682300000| Untracked 
|  20|0x0000000682400000, 0x0000000682400000, 0x0000000682500000|  0%| F|  |TAMS 0x0000000682400000, 0x0000000682400000| Untracked 
|  21|0x0000000682500000, 0x0000000682500000, 0x0000000682600000|  0%| F|  |TAMS 0x0000000682500000, 0x0000000682500000| Untracked 
|  22|0x0000000682600000, 0x0000000682600000, 0x0000000682700000|  0%| F|  |TAMS 0x0000000682600000, 0x0000000682600000| Untracked 
|  23|0x0000000682700000, 0x0000000682700000, 0x0000000682800000|  0%| F|  |TAMS 0x0000000682700000, 0x0000000682700000| Untracked 
|  24|0x0000000682800000, 0x0000000682800000, 0x0000000682900000|  0%| F|  |TAMS 0x0000000682800000, 0x0000000682800000| Untracked 
|  25|0x0000000682900000, 0x0000000682900000, 0x0000000682a00000|  0%| F|  |TAMS 0x0000000682900000, 0x0000000682900000| Untracked 
|  26|0x0000000682a00000, 0x0000000682a00000, 0x0000000682b00000|  0%| F|  |TAMS 0x0000000682a00000, 0x0000000682a00000| Untracked 
|  27|0x0000000682b00000, 0x0000000682b00000, 0x0000000682c00000|  0%| F|  |TAMS 0x0000000682b00000, 0x0000000682b00000| Untracked 
|  28|0x0000000682c00000, 0x0000000682c00000, 0x0000000682d00000|  0%| F|  |TAMS 0x0000000682c00000, 0x0000000682c00000| Untracked 
|  29|0x0000000682d00000, 0x0000000682d00000, 0x0000000682e00000|  0%| F|  |TAMS 0x0000000682d00000, 0x0000000682d00000| Untracked 
|  30|0x0000000682e00000, 0x0000000682e00000, 0x0000000682f00000|  0%| F|  |TAMS 0x0000000682e00000, 0x0000000682e00000| Untracked 
|  31|0x0000000682f00000, 0x0000000682f00000, 0x0000000683000000|  0%| F|  |TAMS 0x0000000682f00000, 0x0000000682f00000| Untracked 
|  32|0x0000000683000000, 0x0000000683000000, 0x0000000683100000|  0%| F|  |TAMS 0x0000000683000000, 0x0000000683000000| Untracked 
|  33|0x0000000683100000, 0x0000000683100000, 0x0000000683200000|  0%| F|  |TAMS 0x0000000683100000, 0x0000000683100000| Untracked 
|  34|0x0000000683200000, 0x0000000683200000, 0x0000000683300000|  0%| F|  |TAMS 0x0000000683200000, 0x0000000683200000| Untracked 
|  35|0x0000000683300000, 0x0000000683300000, 0x0000000683400000|  0%| F|  |TAMS 0x0000000683300000, 0x0000000683300000| Untracked 
|  36|0x0000000683400000, 0x0000000683400000, 0x0000000683500000|  0%| F|  |TAMS 0x0000000683400000, 0x0000000683400000| Untracked 
|  37|0x0000000683500000, 0x0000000683500000, 0x0000000683600000|  0%| F|  |TAMS 0x0000000683500000, 0x0000000683500000| Untracked 
|  38|0x0000000683600000, 0x0000000683600000, 0x0000000683700000|  0%| F|  |TAMS 0x0000000683600000, 0x0000000683600000| Untracked 
|  39|0x0000000683700000, 0x0000000683700000, 0x0000000683800000|  0%| F|  |TAMS 0x0000000683700000, 0x0000000683700000| Untracked 
|  40|0x0000000683800000, 0x0000000683800000, 0x0000000683900000|  0%| F|  |TAMS 0x0000000683800000, 0x0000000683800000| Untracked 
|  41|0x0000000683900000, 0x0000000683900000, 0x0000000683a00000|  0%| F|  |TAMS 0x0000000683900000, 0x0000000683900000| Untracked 
|  42|0x0000000683a00000, 0x0000000683a00000, 0x0000000683b00000|  0%| F|  |TAMS 0x0000000683a00000, 0x0000000683a00000| Untracked 
|  43|0x0000000683b00000, 0x0000000683b00000, 0x0000000683c00000|  0%| F|  |TAMS 0x0000000683b00000, 0x0000000683b00000| Untracked 
|  44|0x0000000683c00000, 0x0000000683c00000, 0x0000000683d00000|  0%| F|  |TAMS 0x0000000683c00000, 0x0000000683c00000| Untracked 
|  45|0x0000000683d00000, 0x0000000683d00000, 0x0000000683e00000|  0%| F|  |TAMS 0x0000000683d00000, 0x0000000683d00000| Untracked 
|  46|0x0000000683e00000, 0x0000000683e00000, 0x0000000683f00000|  0%| F|  |TAMS 0x0000000683e00000, 0x0000000683e00000| Untracked 
|  47|0x0000000683f00000, 0x0000000683f00000, 0x0000000684000000|  0%| F|  |TAMS 0x0000000683f00000, 0x0000000683f00000| Untracked 
|  48|0x0000000684000000, 0x0000000684000000, 0x0000000684100000|  0%| F|  |TAMS 0x0000000684000000, 0x0000000684000000| Untracked 
|  49|0x0000000684100000, 0x0000000684100000, 0x0000000684200000|  0%| F|  |TAMS 0x0000000684100000, 0x0000000684100000| Untracked 
|  50|0x0000000684200000, 0x0000000684200000, 0x0000000684300000|  0%| F|  |TAMS 0x0000000684200000, 0x0000000684200000| Untracked 
|  51|0x0000000684300000, 0x0000000684300000, 0x0000000684400000|  0%| F|  |TAMS 0x0000000684300000, 0x0000000684300000| Untracked 
|  52|0x0000000684400000, 0x0000000684400000, 0x0000000684500000|  0%| F|  |TAMS 0x0000000684400000, 0x0000000684400000| Untracked 
|  53|0x0000000684500000, 0x0000000684500000, 0x0000000684600000|  0%| F|  |TAMS 0x0000000684500000, 0x0000000684500000| Untracked 
|  54|0x0000000684600000, 0x0000000684600000, 0x0000000684700000|  0%| F|  |TAMS 0x0000000684600000, 0x0000000684600000| Untracked 
|  55|0x0000000684700000, 0x0000000684700000, 0x0000000684800000|  0%| F|  |TAMS 0x0000000684700000, 0x0000000684700000| Untracked 
|  56|0x0000000684800000, 0x0000000684800000, 0x0000000684900000|  0%| F|  |TAMS 0x0000000684800000, 0x0000000684800000| Untracked 
|  57|0x0000000684900000, 0x0000000684900000, 0x0000000684a00000|  0%| F|  |TAMS 0x0000000684900000, 0x0000000684900000| Untracked 
|  58|0x0000000684a00000, 0x0000000684a00000, 0x0000000684b00000|  0%| F|  |TAMS 0x0000000684a00000, 0x0000000684a00000| Untracked 
|  59|0x0000000684b00000, 0x0000000684b00000, 0x0000000684c00000|  0%| F|  |TAMS 0x0000000684b00000, 0x0000000684b00000| Untracked 
|  60|0x0000000684c00000, 0x0000000684c00000, 0x0000000684d00000|  0%| F|  |TAMS 0x0000000684c00000, 0x0000000684c00000| Untracked 
|  61|0x0000000684d00000, 0x0000000684d00000, 0x0000000684e00000|  0%| F|  |TAMS 0x0000000684d00000, 0x0000000684d00000| Untracked 
|  62|0x0000000684e00000, 0x0000000684e00000, 0x0000000684f00000|  0%| F|  |TAMS 0x0000000684e00000, 0x0000000684e00000| Untracked 
|  63|0x0000000684f00000, 0x0000000684f00000, 0x0000000685000000|  0%| F|  |TAMS 0x0000000684f00000, 0x0000000684f00000| Untracked 
|  64|0x0000000685000000, 0x0000000685000000, 0x0000000685100000|  0%| F|  |TAMS 0x0000000685000000, 0x0000000685000000| Untracked 
|  65|0x0000000685100000, 0x0000000685100000, 0x0000000685200000|  0%| F|  |TAMS 0x0000000685100000, 0x0000000685100000| Untracked 
|  66|0x0000000685200000, 0x0000000685200000, 0x0000000685300000|  0%| F|  |TAMS 0x0000000685200000, 0x0000000685200000| Untracked 
|  67|0x0000000685300000, 0x0000000685300000, 0x0000000685400000|  0%| F|  |TAMS 0x0000000685300000, 0x0000000685300000| Untracked 
|  68|0x0000000685400000, 0x0000000685400000, 0x0000000685500000|  0%| F|  |TAMS 0x0000000685400000, 0x0000000685400000| Untracked 
|  69|0x0000000685500000, 0x0000000685500000, 0x0000000685600000|  0%| F|  |TAMS 0x0000000685500000, 0x0000000685500000| Untracked 
|  70|0x0000000685600000, 0x0000000685600000, 0x0000000685700000|  0%| F|  |TAMS 0x0000000685600000, 0x0000000685600000| Untracked 
|  71|0x0000000685700000, 0x0000000685700000, 0x0000000685800000|  0%| F|  |TAMS 0x0000000685700000, 0x0000000685700000| Untracked 
|  72|0x0000000685800000, 0x0000000685800000, 0x0000000685900000|  0%| F|  |TAMS 0x0000000685800000, 0x0000000685800000| Untracked 
|  73|0x0000000685900000, 0x0000000685900000, 0x0000000685a00000|  0%| F|  |TAMS 0x0000000685900000, 0x0000000685900000| Untracked 
|  74|0x0000000685a00000, 0x0000000685a00000, 0x0000000685b00000|  0%| F|  |TAMS 0x0000000685a00000, 0x0000000685a00000| Untracked 
|  75|0x0000000685b00000, 0x0000000685b00000, 0x0000000685c00000|  0%| F|  |TAMS 0x0000000685b00000, 0x0000000685b00000| Untracked 
|  76|0x0000000685c00000, 0x0000000685c00000, 0x0000000685d00000|  0%| F|  |TAMS 0x0000000685c00000, 0x0000000685c00000| Untracked 
|  77|0x0000000685d00000, 0x0000000685d00000, 0x0000000685e00000|  0%| F|  |TAMS 0x0000000685d00000, 0x0000000685d00000| Untracked 
|  78|0x0000000685e00000, 0x0000000685e00000, 0x0000000685f00000|  0%| F|  |TAMS 0x0000000685e00000, 0x0000000685e00000| Untracked 
|  79|0x0000000685f00000, 0x0000000685f00000, 0x0000000686000000|  0%| F|  |TAMS 0x0000000685f00000, 0x0000000685f00000| Untracked 
|  80|0x0000000686000000, 0x0000000686000000, 0x0000000686100000|  0%| F|  |TAMS 0x0000000686000000, 0x0000000686000000| Untracked 
|  81|0x0000000686100000, 0x0000000686100000, 0x0000000686200000|  0%| F|  |TAMS 0x0000000686100000, 0x0000000686100000| Untracked 
|  82|0x0000000686200000, 0x0000000686200000, 0x0000000686300000|  0%| F|  |TAMS 0x0000000686200000, 0x0000000686200000| Untracked 
|  83|0x0000000686300000, 0x0000000686300000, 0x0000000686400000|  0%| F|  |TAMS 0x0000000686300000, 0x0000000686300000| Untracked 
|  84|0x0000000686400000, 0x0000000686400000, 0x0000000686500000|  0%| F|  |TAMS 0x0000000686400000, 0x0000000686400000| Untracked 
|  85|0x0000000686500000, 0x0000000686500000, 0x0000000686600000|  0%| F|  |TAMS 0x0000000686500000, 0x0000000686500000| Untracked 
|  86|0x0000000686600000, 0x0000000686600000, 0x0000000686700000|  0%| F|  |TAMS 0x0000000686600000, 0x0000000686600000| Untracked 
|  87|0x0000000686700000, 0x0000000686700000, 0x0000000686800000|  0%| F|  |TAMS 0x0000000686700000, 0x0000000686700000| Untracked 
|  88|0x0000000686800000, 0x0000000686800000, 0x0000000686900000|  0%| F|  |TAMS 0x0000000686800000, 0x0000000686800000| Untracked 
|  89|0x0000000686900000, 0x0000000686900000, 0x0000000686a00000|  0%| F|  |TAMS 0x0000000686900000, 0x0000000686900000| Untracked 
|  90|0x0000000686a00000, 0x0000000686a00000, 0x0000000686b00000|  0%| F|  |TAMS 0x0000000686a00000, 0x0000000686a00000| Untracked 
|  91|0x0000000686b00000, 0x0000000686b00000, 0x0000000686c00000|  0%| F|  |TAMS 0x0000000686b00000, 0x0000000686b00000| Untracked 
|  92|0x0000000686c00000, 0x0000000686c00000, 0x0000000686d00000|  0%| F|  |TAMS 0x0000000686c00000, 0x0000000686c00000| Untracked 
|  93|0x0000000686d00000, 0x0000000686d00000, 0x0000000686e00000|  0%| F|  |TAMS 0x0000000686d00000, 0x0000000686d00000| Untracked 
|  94|0x0000000686e00000, 0x0000000686e00000, 0x0000000686f00000|  0%| F|  |TAMS 0x0000000686e00000, 0x0000000686e00000| Untracked 
|  95|0x0000000686f00000, 0x0000000686f00000, 0x0000000687000000|  0%| F|  |TAMS 0x0000000686f00000, 0x0000000686f00000| Untracked 
|  96|0x0000000687000000, 0x0000000687000000, 0x0000000687100000|  0%| F|  |TAMS 0x0000000687000000, 0x0000000687000000| Untracked 
|  97|0x0000000687100000, 0x0000000687100000, 0x0000000687200000|  0%| F|  |TAMS 0x0000000687100000, 0x0000000687100000| Untracked 
|  98|0x0000000687200000, 0x0000000687200000, 0x0000000687300000|  0%| F|  |TAMS 0x0000000687200000, 0x0000000687200000| Untracked 
|  99|0x0000000687300000, 0x0000000687300000, 0x0000000687400000|  0%| F|  |TAMS 0x0000000687300000, 0x0000000687300000| Untracked 
| 100|0x0000000687400000, 0x0000000687400000, 0x0000000687500000|  0%| F|  |TAMS 0x0000000687400000, 0x0000000687400000| Untracked 
| 101|0x0000000687500000, 0x0000000687500000, 0x0000000687600000|  0%| F|  |TAMS 0x0000000687500000, 0x0000000687500000| Untracked 
| 102|0x0000000687600000, 0x0000000687600000, 0x0000000687700000|  0%| F|  |TAMS 0x0000000687600000, 0x0000000687600000| Untracked 
| 103|0x0000000687700000, 0x0000000687700000, 0x0000000687800000|  0%| F|  |TAMS 0x0000000687700000, 0x0000000687700000| Untracked 
| 104|0x0000000687800000, 0x0000000687800000, 0x0000000687900000|  0%| F|  |TAMS 0x0000000687800000, 0x0000000687800000| Untracked 
| 105|0x0000000687900000, 0x0000000687900000, 0x0000000687a00000|  0%| F|  |TAMS 0x0000000687900000, 0x0000000687900000| Untracked 
| 106|0x0000000687a00000, 0x0000000687a00000, 0x0000000687b00000|  0%| F|  |TAMS 0x0000000687a00000, 0x0000000687a00000| Untracked 
| 107|0x0000000687b00000, 0x0000000687b00000, 0x0000000687c00000|  0%| F|  |TAMS 0x0000000687b00000, 0x0000000687b00000| Untracked 
| 108|0x0000000687c00000, 0x0000000687c00000, 0x0000000687d00000|  0%| F|  |TAMS 0x0000000687c00000, 0x0000000687c00000| Untracked 
| 109|0x0000000687d00000, 0x0000000687d00000, 0x0000000687e00000|  0%| F|  |TAMS 0x0000000687d00000, 0x0000000687d00000| Untracked 
| 110|0x0000000687e00000, 0x0000000687e00000, 0x0000000687f00000|  0%| F|  |TAMS 0x0000000687e00000, 0x0000000687e00000| Untracked 
| 111|0x0000000687f00000, 0x0000000687f00000, 0x0000000688000000|  0%| F|  |TAMS 0x0000000687f00000, 0x0000000687f00000| Untracked 
| 112|0x0000000688000000, 0x0000000688000000, 0x0000000688100000|  0%| F|  |TAMS 0x0000000688000000, 0x0000000688000000| Untracked 
| 113|0x0000000688100000, 0x0000000688100000, 0x0000000688200000|  0%| F|  |TAMS 0x0000000688100000, 0x0000000688100000| Untracked 
| 114|0x0000000688200000, 0x0000000688200000, 0x0000000688300000|  0%| F|  |TAMS 0x0000000688200000, 0x0000000688200000| Untracked 
| 115|0x0000000688300000, 0x0000000688300000, 0x0000000688400000|  0%| F|  |TAMS 0x0000000688300000, 0x0000000688300000| Untracked 
| 116|0x0000000688400000, 0x0000000688400000, 0x0000000688500000|  0%| F|  |TAMS 0x0000000688400000, 0x0000000688400000| Untracked 
| 117|0x0000000688500000, 0x0000000688500000, 0x0000000688600000|  0%| F|  |TAMS 0x0000000688500000, 0x0000000688500000| Untracked 
| 118|0x0000000688600000, 0x0000000688600000, 0x0000000688700000|  0%| F|  |TAMS 0x0000000688600000, 0x0000000688600000| Untracked 
| 119|0x0000000688700000, 0x0000000688700000, 0x0000000688800000|  0%| F|  |TAMS 0x0000000688700000, 0x0000000688700000| Untracked 
| 120|0x0000000688800000, 0x0000000688800000, 0x0000000688900000|  0%| F|  |TAMS 0x0000000688800000, 0x0000000688800000| Untracked 
| 121|0x0000000688900000, 0x0000000688900000, 0x0000000688a00000|  0%| F|  |TAMS 0x0000000688900000, 0x0000000688900000| Untracked 
| 122|0x0000000688a00000, 0x0000000688a00000, 0x0000000688b00000|  0%| F|  |TAMS 0x0000000688a00000, 0x0000000688a00000| Untracked 
| 123|0x0000000688b00000, 0x0000000688b00000, 0x0000000688c00000|  0%| F|  |TAMS 0x0000000688b00000, 0x0000000688b00000| Untracked 
| 124|0x0000000688c00000, 0x0000000688c00000, 0x0000000688d00000|  0%| F|  |TAMS 0x0000000688c00000, 0x0000000688c00000| Untracked 
| 125|0x0000000688d00000, 0x0000000688d00000, 0x0000000688e00000|  0%| F|  |TAMS 0x0000000688d00000, 0x0000000688d00000| Untracked 
| 126|0x0000000688e00000, 0x0000000688e00000, 0x0000000688f00000|  0%| F|  |TAMS 0x0000000688e00000, 0x0000000688e00000| Untracked 
| 127|0x0000000688f00000, 0x0000000688f00000, 0x0000000689000000|  0%| F|  |TAMS 0x0000000688f00000, 0x0000000688f00000| Untracked 
| 128|0x0000000689000000, 0x0000000689000000, 0x0000000689100000|  0%| F|  |TAMS 0x0000000689000000, 0x0000000689000000| Untracked 
| 129|0x0000000689100000, 0x0000000689100000, 0x0000000689200000|  0%| F|  |TAMS 0x0000000689100000, 0x0000000689100000| Untracked 
| 130|0x0000000689200000, 0x0000000689200000, 0x0000000689300000|  0%| F|  |TAMS 0x0000000689200000, 0x0000000689200000| Untracked 
| 131|0x0000000689300000, 0x0000000689300000, 0x0000000689400000|  0%| F|  |TAMS 0x0000000689300000, 0x0000000689300000| Untracked 
| 132|0x0000000689400000, 0x0000000689400000, 0x0000000689500000|  0%| F|  |TAMS 0x0000000689400000, 0x0000000689400000| Untracked 
| 133|0x0000000689500000, 0x0000000689500000, 0x0000000689600000|  0%| F|  |TAMS 0x0000000689500000, 0x0000000689500000| Untracked 
| 134|0x0000000689600000, 0x0000000689600000, 0x0000000689700000|  0%| F|  |TAMS 0x0000000689600000, 0x0000000689600000| Untracked 
| 135|0x0000000689700000, 0x0000000689700000, 0x0000000689800000|  0%| F|  |TAMS 0x0000000689700000, 0x0000000689700000| Untracked 
| 136|0x0000000689800000, 0x0000000689800000, 0x0000000689900000|  0%| F|  |TAMS 0x0000000689800000, 0x0000000689800000| Untracked 
| 137|0x0000000689900000, 0x0000000689900000, 0x0000000689a00000|  0%| F|  |TAMS 0x0000000689900000, 0x0000000689900000| Untracked 
| 138|0x0000000689a00000, 0x0000000689a00000, 0x0000000689b00000|  0%| F|  |TAMS 0x0000000689a00000, 0x0000000689a00000| Untracked 
| 139|0x0000000689b00000, 0x0000000689b00000, 0x0000000689c00000|  0%| F|  |TAMS 0x0000000689b00000, 0x0000000689b00000| Untracked 
| 140|0x0000000689c00000, 0x0000000689c00000, 0x0000000689d00000|  0%| F|  |TAMS 0x0000000689c00000, 0x0000000689c00000| Untracked 
| 141|0x0000000689d00000, 0x0000000689d00000, 0x0000000689e00000|  0%| F|  |TAMS 0x0000000689d00000, 0x0000000689d00000| Untracked 
| 142|0x0000000689e00000, 0x0000000689e00000, 0x0000000689f00000|  0%| F|  |TAMS 0x0000000689e00000, 0x0000000689e00000| Untracked 
| 143|0x0000000689f00000, 0x0000000689f00000, 0x000000068a000000|  0%| F|  |TAMS 0x0000000689f00000, 0x0000000689f00000| Untracked 
| 144|0x000000068a000000, 0x000000068a000000, 0x000000068a100000|  0%| F|  |TAMS 0x000000068a000000, 0x000000068a000000| Untracked 
| 145|0x000000068a100000, 0x000000068a100000, 0x000000068a200000|  0%| F|  |TAMS 0x000000068a100000, 0x000000068a100000| Untracked 
| 146|0x000000068a200000, 0x000000068a200000, 0x000000068a300000|  0%| F|  |TAMS 0x000000068a200000, 0x000000068a200000| Untracked 
| 147|0x000000068a300000, 0x000000068a300000, 0x000000068a400000|  0%| F|  |TAMS 0x000000068a300000, 0x000000068a300000| Untracked 
| 148|0x000000068a400000, 0x000000068a400000, 0x000000068a500000|  0%| F|  |TAMS 0x000000068a400000, 0x000000068a400000| Untracked 
| 149|0x000000068a500000, 0x000000068a500000, 0x000000068a600000|  0%| F|  |TAMS 0x000000068a500000, 0x000000068a500000| Untracked 
| 150|0x000000068a600000, 0x000000068a600000, 0x000000068a700000|  0%| F|  |TAMS 0x000000068a600000, 0x000000068a600000| Untracked 
| 151|0x000000068a700000, 0x000000068a700000, 0x000000068a800000|  0%| F|  |TAMS 0x000000068a700000, 0x000000068a700000| Untracked 
| 152|0x000000068a800000, 0x000000068a800000, 0x000000068a900000|  0%| F|  |TAMS 0x000000068a800000, 0x000000068a800000| Untracked 
| 153|0x000000068a900000, 0x000000068a900000, 0x000000068aa00000|  0%| F|  |TAMS 0x000000068a900000, 0x000000068a900000| Untracked 
| 154|0x000000068aa00000, 0x000000068aa00000, 0x000000068ab00000|  0%| F|  |TAMS 0x000000068aa00000, 0x000000068aa00000| Untracked 
| 155|0x000000068ab00000, 0x000000068ab00000, 0x000000068ac00000|  0%| F|  |TAMS 0x000000068ab00000, 0x000000068ab00000| Untracked 
| 156|0x000000068ac00000, 0x000000068ac00000, 0x000000068ad00000|  0%| F|  |TAMS 0x000000068ac00000, 0x000000068ac00000| Untracked 
| 157|0x000000068ad00000, 0x000000068ad00000, 0x000000068ae00000|  0%| F|  |TAMS 0x000000068ad00000, 0x000000068ad00000| Untracked 
| 158|0x000000068ae00000, 0x000000068ae00000, 0x000000068af00000|  0%| F|  |TAMS 0x000000068ae00000, 0x000000068ae00000| Untracked 
| 159|0x000000068af00000, 0x000000068af00000, 0x000000068b000000|  0%| F|  |TAMS 0x000000068af00000, 0x000000068af00000| Untracked 
| 160|0x000000068b000000, 0x000000068b000000, 0x000000068b100000|  0%| F|  |TAMS 0x000000068b000000, 0x000000068b000000| Untracked 
| 161|0x000000068b100000, 0x000000068b100000, 0x000000068b200000|  0%| F|  |TAMS 0x000000068b100000, 0x000000068b100000| Untracked 
| 162|0x000000068b200000, 0x000000068b200000, 0x000000068b300000|  0%| F|  |TAMS 0x000000068b200000, 0x000000068b200000| Untracked 
| 163|0x000000068b300000, 0x000000068b300000, 0x000000068b400000|  0%| F|  |TAMS 0x000000068b300000, 0x000000068b300000| Untracked 
| 164|0x000000068b400000, 0x000000068b400000, 0x000000068b500000|  0%| F|  |TAMS 0x000000068b400000, 0x000000068b400000| Untracked 
| 165|0x000000068b500000, 0x000000068b500000, 0x000000068b600000|  0%| F|  |TAMS 0x000000068b500000, 0x000000068b500000| Untracked 
| 166|0x000000068b600000, 0x000000068b600000, 0x000000068b700000|  0%| F|  |TAMS 0x000000068b600000, 0x000000068b600000| Untracked 
| 167|0x000000068b700000, 0x000000068b700000, 0x000000068b800000|  0%| F|  |TAMS 0x000000068b700000, 0x000000068b700000| Untracked 
| 168|0x000000068b800000, 0x000000068b800000, 0x000000068b900000|  0%| F|  |TAMS 0x000000068b800000, 0x000000068b800000| Untracked 
| 169|0x000000068b900000, 0x000000068b900000, 0x000000068ba00000|  0%| F|  |TAMS 0x000000068b900000, 0x000000068b900000| Untracked 
| 170|0x000000068ba00000, 0x000000068ba00000, 0x000000068bb00000|  0%| F|  |TAMS 0x000000068ba00000, 0x000000068ba00000| Untracked 
| 171|0x000000068bb00000, 0x000000068bb00000, 0x000000068bc00000|  0%| F|  |TAMS 0x000000068bb00000, 0x000000068bb00000| Untracked 
| 172|0x000000068bc00000, 0x000000068bc00000, 0x000000068bd00000|  0%| F|  |TAMS 0x000000068bc00000, 0x000000068bc00000| Untracked 
| 173|0x000000068bd00000, 0x000000068bd00000, 0x000000068be00000|  0%| F|  |TAMS 0x000000068bd00000, 0x000000068bd00000| Untracked 
| 174|0x000000068be00000, 0x000000068be00000, 0x000000068bf00000|  0%| F|  |TAMS 0x000000068be00000, 0x000000068be00000| Untracked 
| 175|0x000000068bf00000, 0x000000068bf00000, 0x000000068c000000|  0%| F|  |TAMS 0x000000068bf00000, 0x000000068bf00000| Untracked 
| 176|0x000000068c000000, 0x000000068c000000, 0x000000068c100000|  0%| F|  |TAMS 0x000000068c000000, 0x000000068c000000| Untracked 
| 177|0x000000068c100000, 0x000000068c100000, 0x000000068c200000|  0%| F|  |TAMS 0x000000068c100000, 0x000000068c100000| Untracked 
| 178|0x000000068c200000, 0x000000068c200000, 0x000000068c300000|  0%| F|  |TAMS 0x000000068c200000, 0x000000068c200000| Untracked 
| 179|0x000000068c300000, 0x000000068c300000, 0x000000068c400000|  0%| F|  |TAMS 0x000000068c300000, 0x000000068c300000| Untracked 
| 180|0x000000068c400000, 0x000000068c400000, 0x000000068c500000|  0%| F|  |TAMS 0x000000068c400000, 0x000000068c400000| Untracked 
| 181|0x000000068c500000, 0x000000068c500000, 0x000000068c600000|  0%| F|  |TAMS 0x000000068c500000, 0x000000068c500000| Untracked 
| 182|0x000000068c600000, 0x000000068c600000, 0x000000068c700000|  0%| F|  |TAMS 0x000000068c600000, 0x000000068c600000| Untracked 
| 183|0x000000068c700000, 0x000000068c700000, 0x000000068c800000|  0%| F|  |TAMS 0x000000068c700000, 0x000000068c700000| Untracked 
| 184|0x000000068c800000, 0x000000068c800000, 0x000000068c900000|  0%| F|  |TAMS 0x000000068c800000, 0x000000068c800000| Untracked 
| 185|0x000000068c900000, 0x000000068c900000, 0x000000068ca00000|  0%| F|  |TAMS 0x000000068c900000, 0x000000068c900000| Untracked 
| 186|0x000000068ca00000, 0x000000068ca00000, 0x000000068cb00000|  0%| F|  |TAMS 0x000000068ca00000, 0x000000068ca00000| Untracked 
| 187|0x000000068cb00000, 0x000000068cb00000, 0x000000068cc00000|  0%| F|  |TAMS 0x000000068cb00000, 0x000000068cb00000| Untracked 
| 188|0x000000068cc00000, 0x000000068cc00000, 0x000000068cd00000|  0%| F|  |TAMS 0x000000068cc00000, 0x000000068cc00000| Untracked 
| 189|0x000000068cd00000, 0x000000068cd00000, 0x000000068ce00000|  0%| F|  |TAMS 0x000000068cd00000, 0x000000068cd00000| Untracked 
| 190|0x000000068ce00000, 0x000000068ce00000, 0x000000068cf00000|  0%| F|  |TAMS 0x000000068ce00000, 0x000000068ce00000| Untracked 
| 191|0x000000068cf00000, 0x000000068cf00000, 0x000000068d000000|  0%| F|  |TAMS 0x000000068cf00000, 0x000000068cf00000| Untracked 
| 192|0x000000068d000000, 0x000000068d000000, 0x000000068d100000|  0%| F|  |TAMS 0x000000068d000000, 0x000000068d000000| Untracked 
| 193|0x000000068d100000, 0x000000068d100000, 0x000000068d200000|  0%| F|  |TAMS 0x000000068d100000, 0x000000068d100000| Untracked 
| 194|0x000000068d200000, 0x000000068d200000, 0x000000068d300000|  0%| F|  |TAMS 0x000000068d200000, 0x000000068d200000| Untracked 
| 195|0x000000068d300000, 0x000000068d300000, 0x000000068d400000|  0%| F|  |TAMS 0x000000068d300000, 0x000000068d300000| Untracked 
| 196|0x000000068d400000, 0x000000068d400000, 0x000000068d500000|  0%| F|  |TAMS 0x000000068d400000, 0x000000068d400000| Untracked 
| 197|0x000000068d500000, 0x000000068d500000, 0x000000068d600000|  0%| F|  |TAMS 0x000000068d500000, 0x000000068d500000| Untracked 
| 198|0x000000068d600000, 0x000000068d600000, 0x000000068d700000|  0%| F|  |TAMS 0x000000068d600000, 0x000000068d600000| Untracked 
| 199|0x000000068d700000, 0x000000068d700000, 0x000000068d800000|  0%| F|  |TAMS 0x000000068d700000, 0x000000068d700000| Untracked 
| 200|0x000000068d800000, 0x000000068d800000, 0x000000068d900000|  0%| F|  |TAMS 0x000000068d800000, 0x000000068d800000| Untracked 
| 201|0x000000068d900000, 0x000000068d900000, 0x000000068da00000|  0%| F|  |TAMS 0x000000068d900000, 0x000000068d900000| Untracked 
| 202|0x000000068da00000, 0x000000068da00000, 0x000000068db00000|  0%| F|  |TAMS 0x000000068da00000, 0x000000068da00000| Untracked 
| 203|0x000000068db00000, 0x000000068db00000, 0x000000068dc00000|  0%| F|  |TAMS 0x000000068db00000, 0x000000068db00000| Untracked 
| 204|0x000000068dc00000, 0x000000068dc00000, 0x000000068dd00000|  0%| F|  |TAMS 0x000000068dc00000, 0x000000068dc00000| Untracked 
| 205|0x000000068dd00000, 0x000000068dd00000, 0x000000068de00000|  0%| F|  |TAMS 0x000000068dd00000, 0x000000068dd00000| Untracked 
| 206|0x000000068de00000, 0x000000068de00000, 0x000000068df00000|  0%| F|  |TAMS 0x000000068de00000, 0x000000068de00000| Untracked 
| 207|0x000000068df00000, 0x000000068df00000, 0x000000068e000000|  0%| F|  |TAMS 0x000000068df00000, 0x000000068df00000| Untracked 
| 208|0x000000068e000000, 0x000000068e000000, 0x000000068e100000|  0%| F|  |TAMS 0x000000068e000000, 0x000000068e000000| Untracked 
| 209|0x000000068e100000, 0x000000068e100000, 0x000000068e200000|  0%| F|  |TAMS 0x000000068e100000, 0x000000068e100000| Untracked 
| 210|0x000000068e200000, 0x000000068e200000, 0x000000068e300000|  0%| F|  |TAMS 0x000000068e200000, 0x000000068e200000| Untracked 
| 211|0x000000068e300000, 0x000000068e300000, 0x000000068e400000|  0%| F|  |TAMS 0x000000068e300000, 0x000000068e300000| Untracked 
| 212|0x000000068e400000, 0x000000068e400000, 0x000000068e500000|  0%| F|  |TAMS 0x000000068e400000, 0x000000068e400000| Untracked 
| 213|0x000000068e500000, 0x000000068e500000, 0x000000068e600000|  0%| F|  |TAMS 0x000000068e500000, 0x000000068e500000| Untracked 
| 214|0x000000068e600000, 0x000000068e600000, 0x000000068e700000|  0%| F|  |TAMS 0x000000068e600000, 0x000000068e600000| Untracked 
| 215|0x000000068e700000, 0x000000068e700000, 0x000000068e800000|  0%| F|  |TAMS 0x000000068e700000, 0x000000068e700000| Untracked 
| 216|0x000000068e800000, 0x000000068e800000, 0x000000068e900000|  0%| F|  |TAMS 0x000000068e800000, 0x000000068e800000| Untracked 
| 217|0x000000068e900000, 0x000000068e900000, 0x000000068ea00000|  0%| F|  |TAMS 0x000000068e900000, 0x000000068e900000| Untracked 
| 218|0x000000068ea00000, 0x000000068ea00000, 0x000000068eb00000|  0%| F|  |TAMS 0x000000068ea00000, 0x000000068ea00000| Untracked 
| 219|0x000000068eb00000, 0x000000068eb00000, 0x000000068ec00000|  0%| F|  |TAMS 0x000000068eb00000, 0x000000068eb00000| Untracked 
| 220|0x000000068ec00000, 0x000000068ec00000, 0x000000068ed00000|  0%| F|  |TAMS 0x000000068ec00000, 0x000000068ec00000| Untracked 
| 221|0x000000068ed00000, 0x000000068ed00000, 0x000000068ee00000|  0%| F|  |TAMS 0x000000068ed00000, 0x000000068ed00000| Untracked 
| 222|0x000000068ee00000, 0x000000068ee00000, 0x000000068ef00000|  0%| F|  |TAMS 0x000000068ee00000, 0x000000068ee00000| Untracked 
| 223|0x000000068ef00000, 0x000000068ef00000, 0x000000068f000000|  0%| F|  |TAMS 0x000000068ef00000, 0x000000068ef00000| Untracked 
| 224|0x000000068f000000, 0x000000068f000000, 0x000000068f100000|  0%| F|  |TAMS 0x000000068f000000, 0x000000068f000000| Untracked 
| 225|0x000000068f100000, 0x000000068f100000, 0x000000068f200000|  0%| F|  |TAMS 0x000000068f100000, 0x000000068f100000| Untracked 
| 226|0x000000068f200000, 0x000000068f200000, 0x000000068f300000|  0%| F|  |TAMS 0x000000068f200000, 0x000000068f200000| Untracked 
| 227|0x000000068f300000, 0x000000068f300000, 0x000000068f400000|  0%| F|  |TAMS 0x000000068f300000, 0x000000068f300000| Untracked 
| 228|0x000000068f400000, 0x000000068f400000, 0x000000068f500000|  0%| F|  |TAMS 0x000000068f400000, 0x000000068f400000| Untracked 
| 229|0x000000068f500000, 0x000000068f500000, 0x000000068f600000|  0%| F|  |TAMS 0x000000068f500000, 0x000000068f500000| Untracked 
| 230|0x000000068f600000, 0x000000068f600000, 0x000000068f700000|  0%| F|  |TAMS 0x000000068f600000, 0x000000068f600000| Untracked 
| 231|0x000000068f700000, 0x000000068f700000, 0x000000068f800000|  0%| F|  |TAMS 0x000000068f700000, 0x000000068f700000| Untracked 
| 232|0x000000068f800000, 0x000000068f800000, 0x000000068f900000|  0%| F|  |TAMS 0x000000068f800000, 0x000000068f800000| Untracked 
| 233|0x000000068f900000, 0x000000068f900000, 0x000000068fa00000|  0%| F|  |TAMS 0x000000068f900000, 0x000000068f900000| Untracked 
| 234|0x000000068fa00000, 0x000000068fa00000, 0x000000068fb00000|  0%| F|  |TAMS 0x000000068fa00000, 0x000000068fa00000| Untracked 
| 235|0x000000068fb00000, 0x000000068fb00000, 0x000000068fc00000|  0%| F|  |TAMS 0x000000068fb00000, 0x000000068fb00000| Untracked 
| 236|0x000000068fc00000, 0x000000068fc00000, 0x000000068fd00000|  0%| F|  |TAMS 0x000000068fc00000, 0x000000068fc00000| Untracked 
| 237|0x000000068fd00000, 0x000000068fd00000, 0x000000068fe00000|  0%| F|  |TAMS 0x000000068fd00000, 0x000000068fd00000| Untracked 
| 238|0x000000068fe00000, 0x000000068fe00000, 0x000000068ff00000|  0%| F|  |TAMS 0x000000068fe00000, 0x000000068fe00000| Untracked 
| 239|0x000000068ff00000, 0x000000068ff00000, 0x0000000690000000|  0%| F|  |TAMS 0x000000068ff00000, 0x000000068ff00000| Untracked 
| 240|0x0000000690000000, 0x0000000690000000, 0x0000000690100000|  0%| F|  |TAMS 0x0000000690000000, 0x0000000690000000| Untracked 
| 241|0x0000000690100000, 0x0000000690100000, 0x0000000690200000|  0%| F|  |TAMS 0x0000000690100000, 0x0000000690100000| Untracked 
| 242|0x0000000690200000, 0x0000000690200000, 0x0000000690300000|  0%| F|  |TAMS 0x0000000690200000, 0x0000000690200000| Untracked 
| 243|0x0000000690300000, 0x0000000690300000, 0x0000000690400000|  0%| F|  |TAMS 0x0000000690300000, 0x0000000690300000| Untracked 
| 244|0x0000000690400000, 0x0000000690400000, 0x0000000690500000|  0%| F|  |TAMS 0x0000000690400000, 0x0000000690400000| Untracked 
| 245|0x0000000690500000, 0x0000000690500000, 0x0000000690600000|  0%| F|  |TAMS 0x0000000690500000, 0x0000000690500000| Untracked 
| 246|0x0000000690600000, 0x0000000690600000, 0x0000000690700000|  0%| F|  |TAMS 0x0000000690600000, 0x0000000690600000| Untracked 
| 247|0x0000000690700000, 0x0000000690700000, 0x0000000690800000|  0%| F|  |TAMS 0x0000000690700000, 0x0000000690700000| Untracked 
| 248|0x0000000690800000, 0x0000000690800000, 0x0000000690900000|  0%| F|  |TAMS 0x0000000690800000, 0x0000000690800000| Untracked 
| 249|0x0000000690900000, 0x0000000690900000, 0x0000000690a00000|  0%| F|  |TAMS 0x0000000690900000, 0x0000000690900000| Untracked 
| 250|0x0000000690a00000, 0x0000000690a00000, 0x0000000690b00000|  0%| F|  |TAMS 0x0000000690a00000, 0x0000000690a00000| Untracked 
| 251|0x0000000690b00000, 0x0000000690b00000, 0x0000000690c00000|  0%| F|  |TAMS 0x0000000690b00000, 0x0000000690b00000| Untracked 
| 252|0x0000000690c00000, 0x0000000690c00000, 0x0000000690d00000|  0%| F|  |TAMS 0x0000000690c00000, 0x0000000690c00000| Untracked 
| 253|0x0000000690d00000, 0x0000000690d00000, 0x0000000690e00000|  0%| F|  |TAMS 0x0000000690d00000, 0x0000000690d00000| Untracked 
| 254|0x0000000690e00000, 0x0000000690e00000, 0x0000000690f00000|  0%| F|  |TAMS 0x0000000690e00000, 0x0000000690e00000| Untracked 
| 255|0x0000000690f00000, 0x0000000690f00000, 0x0000000691000000|  0%| F|  |TAMS 0x0000000690f00000, 0x0000000690f00000| Untracked 
| 256|0x0000000691000000, 0x0000000691000000, 0x0000000691100000|  0%| F|  |TAMS 0x0000000691000000, 0x0000000691000000| Untracked 
| 257|0x0000000691100000, 0x0000000691100000, 0x0000000691200000|  0%| F|  |TAMS 0x0000000691100000, 0x0000000691100000| Untracked 
| 258|0x0000000691200000, 0x0000000691200000, 0x0000000691300000|  0%| F|  |TAMS 0x0000000691200000, 0x0000000691200000| Untracked 
| 259|0x0000000691300000, 0x0000000691300000, 0x0000000691400000|  0%| F|  |TAMS 0x0000000691300000, 0x0000000691300000| Untracked 
| 260|0x0000000691400000, 0x0000000691400000, 0x0000000691500000|  0%| F|  |TAMS 0x0000000691400000, 0x0000000691400000| Untracked 
| 261|0x0000000691500000, 0x0000000691500000, 0x0000000691600000|  0%| F|  |TAMS 0x0000000691500000, 0x0000000691500000| Untracked 
| 262|0x0000000691600000, 0x0000000691600000, 0x0000000691700000|  0%| F|  |TAMS 0x0000000691600000, 0x0000000691600000| Untracked 
| 263|0x0000000691700000, 0x0000000691700000, 0x0000000691800000|  0%| F|  |TAMS 0x0000000691700000, 0x0000000691700000| Untracked 
| 264|0x0000000691800000, 0x0000000691800000, 0x0000000691900000|  0%| F|  |TAMS 0x0000000691800000, 0x0000000691800000| Untracked 
| 265|0x0000000691900000, 0x0000000691900000, 0x0000000691a00000|  0%| F|  |TAMS 0x0000000691900000, 0x0000000691900000| Untracked 
| 266|0x0000000691a00000, 0x0000000691a00000, 0x0000000691b00000|  0%| F|  |TAMS 0x0000000691a00000, 0x0000000691a00000| Untracked 
| 267|0x0000000691b00000, 0x0000000691b00000, 0x0000000691c00000|  0%| F|  |TAMS 0x0000000691b00000, 0x0000000691b00000| Untracked 
| 268|0x0000000691c00000, 0x0000000691c00000, 0x0000000691d00000|  0%| F|  |TAMS 0x0000000691c00000, 0x0000000691c00000| Untracked 
| 269|0x0000000691d00000, 0x0000000691d00000, 0x0000000691e00000|  0%| F|  |TAMS 0x0000000691d00000, 0x0000000691d00000| Untracked 
| 270|0x0000000691e00000, 0x0000000691e00000, 0x0000000691f00000|  0%| F|  |TAMS 0x0000000691e00000, 0x0000000691e00000| Untracked 
| 271|0x0000000691f00000, 0x0000000691f00000, 0x0000000692000000|  0%| F|  |TAMS 0x0000000691f00000, 0x0000000691f00000| Untracked 
| 272|0x0000000692000000, 0x0000000692000000, 0x0000000692100000|  0%| F|  |TAMS 0x0000000692000000, 0x0000000692000000| Untracked 
| 273|0x0000000692100000, 0x0000000692100000, 0x0000000692200000|  0%| F|  |TAMS 0x0000000692100000, 0x0000000692100000| Untracked 
| 274|0x0000000692200000, 0x0000000692200000, 0x0000000692300000|  0%| F|  |TAMS 0x0000000692200000, 0x0000000692200000| Untracked 
| 275|0x0000000692300000, 0x0000000692300000, 0x0000000692400000|  0%| F|  |TAMS 0x0000000692300000, 0x0000000692300000| Untracked 
| 276|0x0000000692400000, 0x0000000692400000, 0x0000000692500000|  0%| F|  |TAMS 0x0000000692400000, 0x0000000692400000| Untracked 
| 277|0x0000000692500000, 0x0000000692500000, 0x0000000692600000|  0%| F|  |TAMS 0x0000000692500000, 0x0000000692500000| Untracked 
| 278|0x0000000692600000, 0x0000000692600000, 0x0000000692700000|  0%| F|  |TAMS 0x0000000692600000, 0x0000000692600000| Untracked 
| 279|0x0000000692700000, 0x0000000692700000, 0x0000000692800000|  0%| F|  |TAMS 0x0000000692700000, 0x0000000692700000| Untracked 
| 280|0x0000000692800000, 0x0000000692800000, 0x0000000692900000|  0%| F|  |TAMS 0x0000000692800000, 0x0000000692800000| Untracked 
| 281|0x0000000692900000, 0x0000000692900000, 0x0000000692a00000|  0%| F|  |TAMS 0x0000000692900000, 0x0000000692900000| Untracked 
| 282|0x0000000692a00000, 0x0000000692a00000, 0x0000000692b00000|  0%| F|  |TAMS 0x0000000692a00000, 0x0000000692a00000| Untracked 
| 283|0x0000000692b00000, 0x0000000692b00000, 0x0000000692c00000|  0%| F|  |TAMS 0x0000000692b00000, 0x0000000692b00000| Untracked 
| 284|0x0000000692c00000, 0x0000000692c00000, 0x0000000692d00000|  0%| F|  |TAMS 0x0000000692c00000, 0x0000000692c00000| Untracked 
| 285|0x0000000692d00000, 0x0000000692d00000, 0x0000000692e00000|  0%| F|  |TAMS 0x0000000692d00000, 0x0000000692d00000| Untracked 
| 286|0x0000000692e00000, 0x0000000692e00000, 0x0000000692f00000|  0%| F|  |TAMS 0x0000000692e00000, 0x0000000692e00000| Untracked 
| 287|0x0000000692f00000, 0x0000000692f00000, 0x0000000693000000|  0%| F|  |TAMS 0x0000000692f00000, 0x0000000692f00000| Untracked 
| 288|0x0000000693000000, 0x0000000693000000, 0x0000000693100000|  0%| F|  |TAMS 0x0000000693000000, 0x0000000693000000| Untracked 
| 289|0x0000000693100000, 0x0000000693100000, 0x0000000693200000|  0%| F|  |TAMS 0x0000000693100000, 0x0000000693100000| Untracked 
| 290|0x0000000693200000, 0x0000000693200000, 0x0000000693300000|  0%| F|  |TAMS 0x0000000693200000, 0x0000000693200000| Untracked 
| 291|0x0000000693300000, 0x0000000693300000, 0x0000000693400000|  0%| F|  |TAMS 0x0000000693300000, 0x0000000693300000| Untracked 
| 292|0x0000000693400000, 0x0000000693400000, 0x0000000693500000|  0%| F|  |TAMS 0x0000000693400000, 0x0000000693400000| Untracked 
| 293|0x0000000693500000, 0x0000000693500000, 0x0000000693600000|  0%| F|  |TAMS 0x0000000693500000, 0x0000000693500000| Untracked 
| 294|0x0000000693600000, 0x0000000693600000, 0x0000000693700000|  0%| F|  |TAMS 0x0000000693600000, 0x0000000693600000| Untracked 
| 295|0x0000000693700000, 0x0000000693700000, 0x0000000693800000|  0%| F|  |TAMS 0x0000000693700000, 0x0000000693700000| Untracked 
| 296|0x0000000693800000, 0x0000000693800000, 0x0000000693900000|  0%| F|  |TAMS 0x0000000693800000, 0x0000000693800000| Untracked 
| 297|0x0000000693900000, 0x0000000693900000, 0x0000000693a00000|  0%| F|  |TAMS 0x0000000693900000, 0x0000000693900000| Untracked 
| 298|0x0000000693a00000, 0x0000000693a00000, 0x0000000693b00000|  0%| F|  |TAMS 0x0000000693a00000, 0x0000000693a00000| Untracked 
| 299|0x0000000693b00000, 0x0000000693b00000, 0x0000000693c00000|  0%| F|  |TAMS 0x0000000693b00000, 0x0000000693b00000| Untracked 
| 300|0x0000000693c00000, 0x0000000693c00000, 0x0000000693d00000|  0%| F|  |TAMS 0x0000000693c00000, 0x0000000693c00000| Untracked 
| 301|0x0000000693d00000, 0x0000000693d00000, 0x0000000693e00000|  0%| F|  |TAMS 0x0000000693d00000, 0x0000000693d00000| Untracked 
| 302|0x0000000693e00000, 0x0000000693e00000, 0x0000000693f00000|  0%| F|  |TAMS 0x0000000693e00000, 0x0000000693e00000| Untracked 
| 303|0x0000000693f00000, 0x0000000693f00000, 0x0000000694000000|  0%| F|  |TAMS 0x0000000693f00000, 0x0000000693f00000| Untracked 
| 304|0x0000000694000000, 0x0000000694000000, 0x0000000694100000|  0%| F|  |TAMS 0x0000000694000000, 0x0000000694000000| Untracked 
| 305|0x0000000694100000, 0x0000000694100000, 0x0000000694200000|  0%| F|  |TAMS 0x0000000694100000, 0x0000000694100000| Untracked 
| 306|0x0000000694200000, 0x0000000694200000, 0x0000000694300000|  0%| F|  |TAMS 0x0000000694200000, 0x0000000694200000| Untracked 
| 307|0x0000000694300000, 0x0000000694300000, 0x0000000694400000|  0%| F|  |TAMS 0x0000000694300000, 0x0000000694300000| Untracked 
| 308|0x0000000694400000, 0x0000000694400000, 0x0000000694500000|  0%| F|  |TAMS 0x0000000694400000, 0x0000000694400000| Untracked 
| 309|0x0000000694500000, 0x0000000694500000, 0x0000000694600000|  0%| F|  |TAMS 0x0000000694500000, 0x0000000694500000| Untracked 
| 310|0x0000000694600000, 0x0000000694600000, 0x0000000694700000|  0%| F|  |TAMS 0x0000000694600000, 0x0000000694600000| Untracked 
| 311|0x0000000694700000, 0x0000000694700000, 0x0000000694800000|  0%| F|  |TAMS 0x0000000694700000, 0x0000000694700000| Untracked 
| 312|0x0000000694800000, 0x0000000694800000, 0x0000000694900000|  0%| F|  |TAMS 0x0000000694800000, 0x0000000694800000| Untracked 
| 313|0x0000000694900000, 0x0000000694900000, 0x0000000694a00000|  0%| F|  |TAMS 0x0000000694900000, 0x0000000694900000| Untracked 
| 314|0x0000000694a00000, 0x0000000694a00000, 0x0000000694b00000|  0%| F|  |TAMS 0x0000000694a00000, 0x0000000694a00000| Untracked 
| 315|0x0000000694b00000, 0x0000000694b00000, 0x0000000694c00000|  0%| F|  |TAMS 0x0000000694b00000, 0x0000000694b00000| Untracked 
| 316|0x0000000694c00000, 0x0000000694c00000, 0x0000000694d00000|  0%| F|  |TAMS 0x0000000694c00000, 0x0000000694c00000| Untracked 
| 317|0x0000000694d00000, 0x0000000694d00000, 0x0000000694e00000|  0%| F|  |TAMS 0x0000000694d00000, 0x0000000694d00000| Untracked 
| 318|0x0000000694e00000, 0x0000000694e00000, 0x0000000694f00000|  0%| F|  |TAMS 0x0000000694e00000, 0x0000000694e00000| Untracked 
| 319|0x0000000694f00000, 0x0000000694f00000, 0x0000000695000000|  0%| F|  |TAMS 0x0000000694f00000, 0x0000000694f00000| Untracked 
| 320|0x0000000695000000, 0x0000000695000000, 0x0000000695100000|  0%| F|  |TAMS 0x0000000695000000, 0x0000000695000000| Untracked 
| 321|0x0000000695100000, 0x0000000695100000, 0x0000000695200000|  0%| F|  |TAMS 0x0000000695100000, 0x0000000695100000| Untracked 
| 322|0x0000000695200000, 0x0000000695200000, 0x0000000695300000|  0%| F|  |TAMS 0x0000000695200000, 0x0000000695200000| Untracked 
| 323|0x0000000695300000, 0x0000000695300000, 0x0000000695400000|  0%| F|  |TAMS 0x0000000695300000, 0x0000000695300000| Untracked 
| 324|0x0000000695400000, 0x0000000695400000, 0x0000000695500000|  0%| F|  |TAMS 0x0000000695400000, 0x0000000695400000| Untracked 
| 325|0x0000000695500000, 0x0000000695500000, 0x0000000695600000|  0%| F|  |TAMS 0x0000000695500000, 0x0000000695500000| Untracked 
| 326|0x0000000695600000, 0x0000000695600000, 0x0000000695700000|  0%| F|  |TAMS 0x0000000695600000, 0x0000000695600000| Untracked 
| 327|0x0000000695700000, 0x0000000695700000, 0x0000000695800000|  0%| F|  |TAMS 0x0000000695700000, 0x0000000695700000| Untracked 
| 328|0x0000000695800000, 0x0000000695800000, 0x0000000695900000|  0%| F|  |TAMS 0x0000000695800000, 0x0000000695800000| Untracked 
| 329|0x0000000695900000, 0x0000000695900000, 0x0000000695a00000|  0%| F|  |TAMS 0x0000000695900000, 0x0000000695900000| Untracked 
| 330|0x0000000695a00000, 0x0000000695a00000, 0x0000000695b00000|  0%| F|  |TAMS 0x0000000695a00000, 0x0000000695a00000| Untracked 
| 331|0x0000000695b00000, 0x0000000695b00000, 0x0000000695c00000|  0%| F|  |TAMS 0x0000000695b00000, 0x0000000695b00000| Untracked 
| 332|0x0000000695c00000, 0x0000000695c00000, 0x0000000695d00000|  0%| F|  |TAMS 0x0000000695c00000, 0x0000000695c00000| Untracked 
| 333|0x0000000695d00000, 0x0000000695d00000, 0x0000000695e00000|  0%| F|  |TAMS 0x0000000695d00000, 0x0000000695d00000| Untracked 
| 334|0x0000000695e00000, 0x0000000695e00000, 0x0000000695f00000|  0%| F|  |TAMS 0x0000000695e00000, 0x0000000695e00000| Untracked 
| 335|0x0000000695f00000, 0x0000000695f00000, 0x0000000696000000|  0%| F|  |TAMS 0x0000000695f00000, 0x0000000695f00000| Untracked 
| 336|0x0000000696000000, 0x0000000696000000, 0x0000000696100000|  0%| F|  |TAMS 0x0000000696000000, 0x0000000696000000| Untracked 
| 337|0x0000000696100000, 0x0000000696100000, 0x0000000696200000|  0%| F|  |TAMS 0x0000000696100000, 0x0000000696100000| Untracked 
| 338|0x0000000696200000, 0x0000000696200000, 0x0000000696300000|  0%| F|  |TAMS 0x0000000696200000, 0x0000000696200000| Untracked 
| 339|0x0000000696300000, 0x0000000696300000, 0x0000000696400000|  0%| F|  |TAMS 0x0000000696300000, 0x0000000696300000| Untracked 
| 340|0x0000000696400000, 0x0000000696400000, 0x0000000696500000|  0%| F|  |TAMS 0x0000000696400000, 0x0000000696400000| Untracked 
| 341|0x0000000696500000, 0x0000000696500000, 0x0000000696600000|  0%| F|  |TAMS 0x0000000696500000, 0x0000000696500000| Untracked 
| 342|0x0000000696600000, 0x0000000696600000, 0x0000000696700000|  0%| F|  |TAMS 0x0000000696600000, 0x0000000696600000| Untracked 
| 343|0x0000000696700000, 0x0000000696700000, 0x0000000696800000|  0%| F|  |TAMS 0x0000000696700000, 0x0000000696700000| Untracked 
| 344|0x0000000696800000, 0x0000000696800000, 0x0000000696900000|  0%| F|  |TAMS 0x0000000696800000, 0x0000000696800000| Untracked 
| 345|0x0000000696900000, 0x0000000696900000, 0x0000000696a00000|  0%| F|  |TAMS 0x0000000696900000, 0x0000000696900000| Untracked 
| 346|0x0000000696a00000, 0x0000000696a00000, 0x0000000696b00000|  0%| F|  |TAMS 0x0000000696a00000, 0x0000000696a00000| Untracked 
| 347|0x0000000696b00000, 0x0000000696b00000, 0x0000000696c00000|  0%| F|  |TAMS 0x0000000696b00000, 0x0000000696b00000| Untracked 
| 348|0x0000000696c00000, 0x0000000696c00000, 0x0000000696d00000|  0%| F|  |TAMS 0x0000000696c00000, 0x0000000696c00000| Untracked 
| 349|0x0000000696d00000, 0x0000000696d00000, 0x0000000696e00000|  0%| F|  |TAMS 0x0000000696d00000, 0x0000000696d00000| Untracked 
| 350|0x0000000696e00000, 0x0000000696e00000, 0x0000000696f00000|  0%| F|  |TAMS 0x0000000696e00000, 0x0000000696e00000| Untracked 
| 351|0x0000000696f00000, 0x0000000696f00000, 0x0000000697000000|  0%| F|  |TAMS 0x0000000696f00000, 0x0000000696f00000| Untracked 
| 352|0x0000000697000000, 0x0000000697000000, 0x0000000697100000|  0%| F|  |TAMS 0x0000000697000000, 0x0000000697000000| Untracked 
| 353|0x0000000697100000, 0x0000000697100000, 0x0000000697200000|  0%| F|  |TAMS 0x0000000697100000, 0x0000000697100000| Untracked 
| 354|0x0000000697200000, 0x0000000697200000, 0x0000000697300000|  0%| F|  |TAMS 0x0000000697200000, 0x0000000697200000| Untracked 
| 355|0x0000000697300000, 0x0000000697300000, 0x0000000697400000|  0%| F|  |TAMS 0x0000000697300000, 0x0000000697300000| Untracked 
| 356|0x0000000697400000, 0x0000000697400000, 0x0000000697500000|  0%| F|  |TAMS 0x0000000697400000, 0x0000000697400000| Untracked 
| 357|0x0000000697500000, 0x0000000697500000, 0x0000000697600000|  0%| F|  |TAMS 0x0000000697500000, 0x0000000697500000| Untracked 
| 358|0x0000000697600000, 0x0000000697600000, 0x0000000697700000|  0%| F|  |TAMS 0x0000000697600000, 0x0000000697600000| Untracked 
| 359|0x0000000697700000, 0x0000000697700000, 0x0000000697800000|  0%| F|  |TAMS 0x0000000697700000, 0x0000000697700000| Untracked 
| 360|0x0000000697800000, 0x0000000697800000, 0x0000000697900000|  0%| F|  |TAMS 0x0000000697800000, 0x0000000697800000| Untracked 
| 361|0x0000000697900000, 0x0000000697900000, 0x0000000697a00000|  0%| F|  |TAMS 0x0000000697900000, 0x0000000697900000| Untracked 
| 362|0x0000000697a00000, 0x0000000697a00000, 0x0000000697b00000|  0%| F|  |TAMS 0x0000000697a00000, 0x0000000697a00000| Untracked 
| 363|0x0000000697b00000, 0x0000000697b00000, 0x0000000697c00000|  0%| F|  |TAMS 0x0000000697b00000, 0x0000000697b00000| Untracked 
| 364|0x0000000697c00000, 0x0000000697c00000, 0x0000000697d00000|  0%| F|  |TAMS 0x0000000697c00000, 0x0000000697c00000| Untracked 
| 365|0x0000000697d00000, 0x0000000697e00000, 0x0000000697e00000|100%| S|CS|TAMS 0x0000000697d00000, 0x0000000697d00000| Complete 
| 366|0x0000000697e00000, 0x0000000697f00000, 0x0000000697f00000|100%| S|CS|TAMS 0x0000000697e00000, 0x0000000697e00000| Complete 
| 367|0x0000000697f00000, 0x0000000698000000, 0x0000000698000000|100%| S|CS|TAMS 0x0000000697f00000, 0x0000000697f00000| Complete 
| 368|0x0000000698000000, 0x0000000698000000, 0x0000000698100000|  0%| F|  |TAMS 0x0000000698000000, 0x0000000698000000| Untracked 
| 369|0x0000000698100000, 0x0000000698100000, 0x0000000698200000|  0%| F|  |TAMS 0x0000000698100000, 0x0000000698100000| Untracked 
| 370|0x0000000698200000, 0x0000000698200000, 0x0000000698300000|  0%| F|  |TAMS 0x0000000698200000, 0x0000000698200000| Untracked 
| 371|0x0000000698300000, 0x0000000698300000, 0x0000000698400000|  0%| F|  |TAMS 0x0000000698300000, 0x0000000698300000| Untracked 
| 372|0x0000000698400000, 0x0000000698400000, 0x0000000698500000|  0%| F|  |TAMS 0x0000000698400000, 0x0000000698400000| Untracked 
| 373|0x0000000698500000, 0x0000000698500000, 0x0000000698600000|  0%| F|  |TAMS 0x0000000698500000, 0x0000000698500000| Untracked 
| 374|0x0000000698600000, 0x0000000698600000, 0x0000000698700000|  0%| F|  |TAMS 0x0000000698600000, 0x0000000698600000| Untracked 
| 375|0x0000000698700000, 0x0000000698700000, 0x0000000698800000|  0%| F|  |TAMS 0x0000000698700000, 0x0000000698700000| Untracked 
| 376|0x0000000698800000, 0x0000000698800000, 0x0000000698900000|  0%| F|  |TAMS 0x0000000698800000, 0x0000000698800000| Untracked 
| 377|0x0000000698900000, 0x0000000698900000, 0x0000000698a00000|  0%| F|  |TAMS 0x0000000698900000, 0x0000000698900000| Untracked 
| 378|0x0000000698a00000, 0x0000000698a00000, 0x0000000698b00000|  0%| F|  |TAMS 0x0000000698a00000, 0x0000000698a00000| Untracked 
| 379|0x0000000698b00000, 0x0000000698b00000, 0x0000000698c00000|  0%| F|  |TAMS 0x0000000698b00000, 0x0000000698b00000| Untracked 
| 380|0x0000000698c00000, 0x0000000698c00000, 0x0000000698d00000|  0%| F|  |TAMS 0x0000000698c00000, 0x0000000698c00000| Untracked 
| 381|0x0000000698d00000, 0x0000000698d00000, 0x0000000698e00000|  0%| F|  |TAMS 0x0000000698d00000, 0x0000000698d00000| Untracked 
| 382|0x0000000698e00000, 0x0000000698e00000, 0x0000000698f00000|  0%| F|  |TAMS 0x0000000698e00000, 0x0000000698e00000| Untracked 
| 383|0x0000000698f00000, 0x0000000698f48798, 0x0000000699000000| 28%| E|  |TAMS 0x0000000698f00000, 0x0000000698f00000| Complete 

Card table byte_map: [0x000001cd745e0000,0x000001cd751e0000] _byte_map_base: 0x000001cd711d8000

Marking Bits (Prev, Next): (CMBitMap*) 0x000001cd5ba5d678, (CMBitMap*) 0x000001cd5ba5d6b0
 Prev Bits: [0x000001cd75de0000, 0x000001cd7bda0000)
 Next Bits: [0x000001cd00000000, 0x000001cd05fc0000)

Polling page: 0x000001cd5bac0000

Metaspace:

Usage:
  Non-class:     16.58 MB capacity,    16.44 MB (>99%) used,   115.30 KB ( <1%) free+waste,    25.81 KB ( <1%) overhead. 
      Class:      1.50 MB capacity,     1.43 MB ( 95%) used,    62.23 KB (  4%) free+waste,     9.88 KB ( <1%) overhead. 
       Both:     18.08 MB capacity,    17.88 MB ( 99%) used,   177.54 KB ( <1%) free+waste,    35.69 KB ( <1%) overhead. 

Virtual space:
  Non-class space:       18.00 MB reserved,      16.75 MB ( 93%) committed 
      Class space:        1.00 GB reserved,       1.63 MB ( <1%) committed 
             Both:        1.02 GB reserved,      18.38 MB (  2%) committed 

Chunk freelists:
   Non-Class:  13.75 KB
       Class:  3.38 KB
        Both:  17.13 KB

CodeHeap 'non-profiled nmethods': size=120000Kb used=501Kb max_used=501Kb free=119499Kb
 bounds [0x000001cd6b830000, 0x000001cd6baa0000, 0x000001cd72d60000]
CodeHeap 'profiled nmethods': size=120000Kb used=2803Kb max_used=2803Kb free=117196Kb
 bounds [0x000001cd64300000, 0x000001cd645c0000, 0x000001cd6b830000]
CodeHeap 'non-nmethods': size=5760Kb used=1503Kb max_used=1557Kb free=4256Kb
 bounds [0x000001cd63d60000, 0x000001cd63fd0000, 0x000001cd64300000]
 total_blobs=2363 nmethods=1174 adapters=823
 compilation: enabled
              stopped_count=0, restarted_count=0
 full_count=0

Compilation events (10 events):
Event: 10.708 Thread 0x000001cd7edb8800 1176       3       com.badlogic.gdx.graphics.g3d.Attributes::compare (11 bytes)
Event: 10.708 Thread 0x000001cd7edb8800 nmethod 1176 0x000001cd645bab90 code [0x000001cd645bad40, 0x000001cd645baeb8]
Event: 10.710 Thread 0x000001cd7edb8800 1177   !   3       java.lang.ClassLoader::checkCerts (195 bytes)
Event: 10.711 Thread 0x000001cd7edb8800 nmethod 1177 0x000001cd645baf90 code [0x000001cd645bb320, 0x000001cd645bcb70]
Event: 10.711 Thread 0x000001cd7edb8800 1179       3       java.lang.ClassLoader::addClass (9 bytes)
Event: 10.712 Thread 0x000001cd7edb8800 nmethod 1179 0x000001cd64300210 code [0x000001cd64300440, 0x000001cd64300d40]
Event: 10.712 Thread 0x000001cd7edb8800 1180       3       java.lang.ClassLoader::postDefineClass (39 bytes)
Event: 10.712 Thread 0x000001cd7edb8800 nmethod 1180 0x000001cd64302010 code [0x000001cd64302200, 0x000001cd643025a0]
Event: 10.712 Thread 0x000001cd7edb8800 1181       3       java.lang.ClassLoader::getNamedPackage (73 bytes)
Event: 10.712 Thread 0x000001cd7edb8800 nmethod 1181 0x000001cd645bd410 code [0x000001cd645bd620, 0x000001cd645bdbf0]

GC Heap History (4 events):
Event: 1.298 GC heap before
{Heap before GC invocations=0 (full 0):
 garbage-first heap   total 393216K, used 30720K [0x0000000681000000, 0x0000000800000000)
  region size 1024K, 24 young (24576K), 0 survivors (0K)
 Metaspace       used 13917K, capacity 14083K, committed 14336K, reserved 1062912K
  class space    used 1140K, capacity 1214K, committed 1280K, reserved 1048576K
}
Event: 1.344 GC heap after
{Heap after GC invocations=1 (full 0):
 garbage-first heap   total 393216K, used 10288K [0x0000000681000000, 0x0000000800000000)
  region size 1024K, 3 young (3072K), 3 survivors (3072K)
 Metaspace       used 13917K, capacity 14083K, committed 14336K, reserved 1062912K
  class space    used 1140K, capacity 1214K, committed 1280K, reserved 1048576K
}
Event: 28.794 GC heap before
{Heap before GC invocations=1 (full 0):
 garbage-first heap   total 393216K, used 25648K [0x0000000681000000, 0x0000000800000000)
  region size 1024K, 19 young (19456K), 3 survivors (3072K)
 Metaspace       used 18305K, capacity 18519K, committed 18816K, reserved 1067008K
  class space    used 1468K, capacity 1541K, committed 1664K, reserved 1048576K
}
Event: 28.808 GC heap after
{Heap after GC invocations=2 (full 0):
 garbage-first heap   total 393216K, used 10690K [0x0000000681000000, 0x0000000800000000)
  region size 1024K, 3 young (3072K), 3 survivors (3072K)
 Metaspace       used 18305K, capacity 18519K, committed 18816K, reserved 1067008K
  class space    used 1468K, capacity 1541K, committed 1664K, reserved 1048576K
}

Deoptimization events (10 events):
Event: 1.359 Thread 0x000001cd0b18b800 Uncommon trap: reason=unstable_if action=reinterpret pc=0x000001cd6b881f04 method=com.badlogic.gdx.utils.Array.add(Ljava/lang/Object;)V @ 11 c2
Event: 1.359 Thread 0x000001cd0b18b800 Uncommon trap: reason=unstable_if action=reinterpret pc=0x000001cd6b885574 method=com.badlogic.gdx.utils.Array.add(Ljava/lang/Object;)V @ 11 c2
Event: 1.360 Thread 0x000001cd0b18b800 Uncommon trap: reason=unstable_fused_if action=reinterpret pc=0x000001cd6b87ffe4 method=jdk.internal.math.FloatingDecimal$ASCIIToBinaryBuffer.doubleValue()D @ 149 c2
Event: 1.393 Thread 0x000001cd0b18b800 Uncommon trap: reason=unstable_if action=reinterpret pc=0x000001cd6b887d68 method=java.lang.Math.max(FF)F @ 11 c2
Event: 1.456 Thread 0x000001cd0b18b800 Uncommon trap: reason=unstable_if action=reinterpret pc=0x000001cd6b883a50 method=java.lang.Long.parseLong(Ljava/lang/String;I)J @ 120 c2
Event: 1.574 Thread 0x000001cd0b18b800 Uncommon trap: reason=unstable_if action=reinterpret pc=0x000001cd6b867ba0 method=java.lang.String.startsWith(Ljava/lang/String;I)Z @ 14 c2
Event: 1.597 Thread 0x000001cd0b18b800 Uncommon trap: reason=array_check action=maybe_recompile pc=0x000001cd6b885f14 method=com.badlogic.gdx.utils.Array.add(Ljava/lang/Object;)V @ 46 c2
Event: 1.597 Thread 0x000001cd0b18b800 Uncommon trap: reason=array_check action=maybe_recompile pc=0x000001cd6b885f14 method=com.badlogic.gdx.utils.Array.add(Ljava/lang/Object;)V @ 46 c2
Event: 1.597 Thread 0x000001cd0b18b800 Uncommon trap: reason=array_check action=maybe_recompile pc=0x000001cd6b885f14 method=com.badlogic.gdx.utils.Array.add(Ljava/lang/Object;)V @ 46 c2
Event: 1.606 Thread 0x000001cd0b18b800 Uncommon trap: reason=array_check action=maybe_recompile pc=0x000001cd6b885f14 method=com.badlogic.gdx.utils.Array.add(Ljava/lang/Object;)V @ 46 c2

Classes redefined (0 events):
No events

Internal exceptions (10 events):
Event: 0.602 Thread 0x000001cd5b9d3800 Exception <a 'java/lang/NoSuchMethodError'{0x0000000698664be0}: java.lang.invoke.DirectMethodHandle$Holder.invokeStaticInit(Ljava/lang/Object;IIII)Ljava/lang/Object;> (0x0000000698664be0) thrown at [t:/workspace/open/src/hotspot/share/interpreter/linkReso
Event: 0.668 Thread 0x000001cd5b9d3800 Exception <a 'java/lang/NoSuchMethodError'{0x00000006986b63b0}: java.lang.invoke.DirectMethodHandle$Holder.invokeStatic(Ljava/lang/Object;Ljava/lang/Object;IIII)Ljava/lang/Object;> (0x00000006986b63b0) thrown at [t:/workspace/open/src/hotspot/share/interp
Event: 0.668 Thread 0x000001cd5b9d3800 Exception <a 'java/lang/NoSuchMethodError'{0x00000006986b96f8}: java.lang.invoke.DirectMethodHandle$Holder.invokeStaticInit(Ljava/lang/Object;Ljava/lang/Object;IIII)Ljava/lang/Object;> (0x00000006986b96f8) thrown at [t:/workspace/open/src/hotspot/share/in
Event: 0.694 Thread 0x000001cd5b9d3800 Exception <a 'java/security/PrivilegedActionException'{0x0000000698553370}> (0x0000000698553370) thrown at [t:/workspace/open/src/hotspot/share/prims/jvm.cpp, line 1308]
Event: 0.694 Thread 0x000001cd5b9d3800 Exception <a 'java/security/PrivilegedActionException'{0x0000000698555d88}> (0x0000000698555d88) thrown at [t:/workspace/open/src/hotspot/share/prims/jvm.cpp, line 1308]
Event: 0.694 Thread 0x000001cd5b9d3800 Exception <a 'java/security/PrivilegedActionException'{0x0000000698556e28}> (0x0000000698556e28) thrown at [t:/workspace/open/src/hotspot/share/prims/jvm.cpp, line 1308]
Event: 0.696 Thread 0x000001cd5b9d3800 Exception <a 'java/security/PrivilegedActionException'{0x0000000698566ff8}> (0x0000000698566ff8) thrown at [t:/workspace/open/src/hotspot/share/prims/jvm.cpp, line 1308]
Event: 0.696 Thread 0x000001cd5b9d3800 Exception <a 'java/security/PrivilegedActionException'{0x0000000698567bb8}> (0x0000000698567bb8) thrown at [t:/workspace/open/src/hotspot/share/prims/jvm.cpp, line 1308]
Event: 0.696 Thread 0x000001cd5b9d3800 Exception <a 'java/security/PrivilegedActionException'{0x0000000698568738}> (0x0000000698568738) thrown at [t:/workspace/open/src/hotspot/share/prims/jvm.cpp, line 1308]
Event: 1.444 Thread 0x000001cd0b18b800 Exception <a 'java/lang/NoSuchMethodError'{0x0000000698a73ff0}: java.lang.invoke.DirectMethodHandle$Holder.invokeSpecialIFC(Ljava/lang/Object;Ljava/lang/Object;I)I> (0x0000000698a73ff0) thrown at [t:/workspace/open/src/hotspot/share/interpreter/linkResolv

Events (10 events):
Event: 28.747 Executing VM operation: GetFrameCount
Event: 28.747 Executing VM operation: GetFrameCount done
Event: 28.747 Executing VM operation: GetStackTrace
Event: 28.747 Executing VM operation: GetStackTrace done
Event: 28.791 Executing VM operation: GetFrameLocation
Event: 28.792 Executing VM operation: GetFrameLocation done
Event: 28.792 Executing VM operation: GetOrSetLocal
Event: 28.792 Executing VM operation: GetOrSetLocal done
Event: 28.794 Executing VM operation: G1CollectForAllocation
Event: 28.808 Executing VM operation: G1CollectForAllocation done


Dynamic libraries:
0x00007ff608a50000 - 0x00007ff608a95000 	D:\Me\jdk-11\bin\java.exe
0x00007ffeda0b0000 - 0x00007ffeda2a5000 	C:\Windows\SYSTEM32\ntdll.dll
0x00007ffed9e50000 - 0x00007ffed9f0d000 	C:\Windows\System32\KERNEL32.DLL
0x00007ffed7a50000 - 0x00007ffed7d17000 	C:\Windows\System32\KERNELBASE.dll
0x00007ffed8f60000 - 0x00007ffed9100000 	C:\Windows\System32\USER32.dll
0x00007ffed7950000 - 0x00007ffed7972000 	C:\Windows\System32\win32u.dll
0x00007ffed9e00000 - 0x00007ffed9e2a000 	C:\Windows\System32\GDI32.dll
0x00007ffed7da0000 - 0x00007ffed7ea9000 	C:\Windows\System32\gdi32full.dll
0x00007ffed79b0000 - 0x00007ffed7a4d000 	C:\Windows\System32\msvcp_win.dll
0x00007ffed7850000 - 0x00007ffed7950000 	C:\Windows\System32\ucrtbase.dll
0x00007ffec5a60000 - 0x00007ffec5cfb000 	C:\Windows\WinSxS\amd64_microsoft.windows.common-controls_6595b64144ccf1df_6.0.19041.488_none_ca04af081b815d21\COMCTL32.dll
0x00007ffed9d60000 - 0x00007ffed9dfe000 	C:\Windows\System32\msvcrt.dll
0x00007ffeda040000 - 0x00007ffeda070000 	C:\Windows\System32\IMM32.DLL
0x00007ffed08d0000 - 0x00007ffed08e6000 	D:\Me\jdk-11\bin\vcruntime140.dll
0x00007ffebbfa0000 - 0x00007ffebc04a000 	D:\Me\jdk-11\bin\msvcp140.dll
0x00007ffe8aa20000 - 0x00007ffe8b561000 	D:\Me\jdk-11\bin\server\jvm.dll
0x00007ffed92c0000 - 0x00007ffed936a000 	C:\Windows\System32\ADVAPI32.dll
0x00007ffed9100000 - 0x00007ffed919b000 	C:\Windows\System32\sechost.dll
0x00007ffed9f10000 - 0x00007ffeda034000 	C:\Windows\System32\RPCRT4.dll
0x00007ffed96d0000 - 0x00007ffed96d8000 	C:\Windows\System32\PSAPI.DLL
0x00007ffed06e0000 - 0x00007ffed06e9000 	C:\Windows\SYSTEM32\WSOCK32.dll
0x00007ffec7d40000 - 0x00007ffec7d67000 	C:\Windows\SYSTEM32\WINMM.dll
0x00007ffed8b40000 - 0x00007ffed8bab000 	C:\Windows\System32\WS2_32.dll
0x00007ffecd620000 - 0x00007ffecd62a000 	C:\Windows\SYSTEM32\VERSION.dll
0x00007ffed60c0000 - 0x00007ffed60d3000 	C:\Windows\SYSTEM32\kernel.appcore.dll
0x00007ffed0420000 - 0x00007ffed0431000 	D:\Me\jdk-11\bin\verify.dll
0x00007ffed5d40000 - 0x00007ffed5f24000 	C:\Windows\SYSTEM32\DBGHELP.DLL
0x00007ffed4d30000 - 0x00007ffed4d5c000 	C:\Windows\SYSTEM32\dbgcore.DLL
0x00007ffed7d20000 - 0x00007ffed7d9f000 	C:\Windows\System32\bcryptPrimitives.dll
0x00007ffed03f0000 - 0x00007ffed0418000 	D:\Me\jdk-11\bin\java.dll
0x00007ffec6a10000 - 0x00007ffec6a47000 	D:\Me\jdk-11\bin\jdwp.dll
0x00007ffed0190000 - 0x00007ffed01a6000 	D:\Me\jdk-11\bin\zip.dll
0x00007ffeced90000 - 0x00007ffeced9a000 	D:\Me\jdk-11\bin\jimage.dll
0x00007ffed81c0000 - 0x00007ffed8901000 	C:\Windows\System32\SHELL32.dll
0x00007ffed55a0000 - 0x00007ffed5d33000 	C:\Windows\SYSTEM32\windows.storage.dll
0x00007ffed9370000 - 0x00007ffed96c5000 	C:\Windows\System32\combase.dll
0x00007ffed7190000 - 0x00007ffed71bc000 	C:\Windows\SYSTEM32\Wldp.dll
0x00007ffed8110000 - 0x00007ffed81be000 	C:\Windows\System32\SHCORE.dll
0x00007ffed8d60000 - 0x00007ffed8db5000 	C:\Windows\System32\shlwapi.dll
0x00007ffed7720000 - 0x00007ffed7746000 	C:\Windows\SYSTEM32\profapi.dll
0x00007ffed0480000 - 0x00007ffed048a000 	D:\Me\jdk-11\bin\dt_socket.dll
0x00007ffed6f80000 - 0x00007ffed6fea000 	C:\Windows\System32\mswsock.dll
0x00007ffed6c90000 - 0x00007ffed6d5b000 	C:\Windows\SYSTEM32\DNSAPI.dll
0x00007ffed6c40000 - 0x00007ffed6c7b000 	C:\Windows\SYSTEM32\IPHLPAPI.DLL
0x00007ffed8aa0000 - 0x00007ffed8aa9000 	C:\Windows\System32\NSI.dll
0x00007ffec7890000 - 0x00007ffec790f000 	C:\Windows\System32\fwpuclnt.dll
0x00007ffed7980000 - 0x00007ffed79a7000 	C:\Windows\System32\bcrypt.dll
0x00007ffec7730000 - 0x00007ffec773a000 	C:\Windows\System32\rasadhlp.dll
0x00007ffec68f0000 - 0x00007ffec6909000 	D:\Me\jdk-11\bin\net.dll
0x00007ffeca970000 - 0x00007ffecaa70000 	C:\Windows\SYSTEM32\WINHTTP.dll
0x00007ffec68d0000 - 0x00007ffec68e3000 	D:\Me\jdk-11\bin\nio.dll
0x00007ffebc6e0000 - 0x00007ffebc87e000 	D:\Me\jdk-11\bin\awt.dll
0x00007ffed9820000 - 0x00007ffed98ed000 	C:\Windows\System32\OLEAUT32.dll
0x00007ffed3bb0000 - 0x00007ffed4170000 	C:\Windows\SYSTEM32\d2d1.dll
0x00007ffed4c70000 - 0x00007ffed4d00000 	C:\Windows\SYSTEM32\apphelp.dll
0x00007ffed5010000 - 0x00007ffed503f000 	C:\Windows\system32\DWMAPI.DLL
0x00007ffed4d60000 - 0x00007ffed4dff000 	C:\Windows\system32\uxtheme.dll
0x00007ffec3f90000 - 0x00007ffec40b5000 	C:\Windows\system32\opengl32.dll
0x00007ffeceda0000 - 0x00007ffecedcc000 	C:\Windows\SYSTEM32\GLU32.dll
0x00007ffed91a0000 - 0x00007ffed92b5000 	C:\Windows\System32\MSCTF.dll
0x00007ffed8e30000 - 0x00007ffed8f59000 	C:\Windows\System32\ole32.dll
0x00007ffed19a0000 - 0x00007ffed1b6d000 	C:\Windows\system32\d3d9.dll
0x00007ffecb8a0000 - 0x00007ffecb9a2000 	C:\Windows\System32\DriverStore\FileRepository\nv_dispi.inf_amd64_ba8c9c14f3d320cb\nvldumdx.dll
0x00007ffed7f60000 - 0x00007ffed80bd000 	C:\Windows\System32\crypt32.dll
0x00007ffecd5e0000 - 0x00007ffecd611000 	C:\Windows\SYSTEM32\cryptnet.dll
0x00007ffed7100000 - 0x00007ffed710c000 	C:\Windows\SYSTEM32\cryptbase.dll
0x00007ffed77f0000 - 0x00007ffed7850000 	C:\Windows\System32\WINTRUST.DLL
0x00007ffed73e0000 - 0x00007ffed73f2000 	C:\Windows\SYSTEM32\MSASN1.dll
0x00007ffed9e30000 - 0x00007ffed9e4d000 	C:\Windows\System32\imagehlp.dll
0x00007ffed71d0000 - 0x00007ffed71e8000 	C:\Windows\SYSTEM32\CRYPTSP.dll
0x00007ffed68c0000 - 0x00007ffed68f4000 	C:\Windows\system32\rsaenh.dll
0x00007ffe818c0000 - 0x00007ffe83063000 	C:\Windows\System32\DriverStore\FileRepository\nv_dispi.inf_amd64_ba8c9c14f3d320cb\nvd3dumx.dll
0x00007ffed6d60000 - 0x00007ffed6dab000 	C:\Windows\SYSTEM32\powrprof.dll
0x00007ffed6c20000 - 0x00007ffed6c32000 	C:\Windows\SYSTEM32\UMPDC.dll
0x00007ffeaaf90000 - 0x00007ffeab23e000 	C:\Windows\system32\nvspcap64.dll
0x00007ffed6500000 - 0x00007ffed6533000 	C:\Windows\SYSTEM32\ntmarta.dll
0x00007ffed60e0000 - 0x00007ffed6103000 	C:\Windows\SYSTEM32\gpapi.dll
0x00007ffecb7f0000 - 0x00007ffecb82b000 	C:\Windows\SYSTEM32\dxcore.dll
0x00007ffed80c0000 - 0x00007ffed810d000 	C:\Windows\System32\cfgmgr32.dll
0x0000000065ac0000 - 0x0000000065b0b000 	C:\Users\nyhso\AppData\Local\Temp\libgdxnyhso\7d76f548\gdx64.dll
0x00007ffed76e0000 - 0x00007ffed770e000 	C:\Windows\SYSTEM32\USERENV.dll
0x00007ffece940000 - 0x00007ffece957000 	C:\Windows\SYSTEM32\dhcpcsvc6.DLL
0x00007ffece820000 - 0x00007ffece83d000 	C:\Windows\SYSTEM32\dhcpcsvc.DLL
0x0000000180000000 - 0x0000000180053000 	C:\Users\nyhso\AppData\Local\Temp\libgdxnyhso\1cecf4f6\lwjgl64.dll
0x000001cd0dcd0000 - 0x000001cd0dd34000 	C:\Users\nyhso\AppData\Local\Temp\libgdxnyhso\1cecf4f6\OpenAL64.dll
0x00007ffed89f0000 - 0x00007ffed8a98000 	C:\Windows\System32\clbcatq.dll
0x00007ffece2e0000 - 0x00007ffece365000 	C:\Windows\System32\MMDevApi.dll
0x00007ffed75a0000 - 0x00007ffed75cc000 	C:\Windows\System32\DEVOBJ.dll
0x00007ffea8560000 - 0x00007ffea85fc000 	C:\Windows\SYSTEM32\dsound.dll
0x00007ffec1780000 - 0x00007ffec17a6000 	C:\Windows\SYSTEM32\winmmbase.dll
0x00007ffece470000 - 0x00007ffece5f0000 	C:\Windows\SYSTEM32\AUDIOSES.DLL
0x00007ffed4f20000 - 0x00007ffed4f34000 	C:\Windows\SYSTEM32\resourcepolicyclient.dll
0x00007ffed0550000 - 0x00007ffed05fe000 	C:\Windows\SYSTEM32\mscms.dll
0x00007ffed0510000 - 0x00007ffed0521000 	C:\Windows\SYSTEM32\ColorAdapterClient.dll
0x00007ffed0ed0000 - 0x00007ffed0fcd000 	C:\Windows\SYSTEM32\textinputframework.dll
0x00007ffed4360000 - 0x00007ffed46ba000 	C:\Windows\System32\CoreUIComponents.dll
0x00007ffed4a40000 - 0x00007ffed4b32000 	C:\Windows\System32\CoreMessaging.dll
0x00007ffed3380000 - 0x00007ffed34d6000 	C:\Windows\SYSTEM32\wintypes.dll
0x00007ffece840000 - 0x00007ffece93b000 	C:\Windows\System32\AppXDeploymentClient.dll
0x00007ffe74760000 - 0x00007ffe76fa8000 	C:\Windows\System32\DriverStore\FileRepository\nv_dispi.inf_amd64_ba8c9c14f3d320cb\nvoglv64.dll
0x00007ffed98f0000 - 0x00007ffed9d57000 	C:\Windows\System32\SETUPAPI.dll
0x00007ffed3280000 - 0x00007ffed3294000 	C:\Windows\SYSTEM32\WTSAPI32.dll
0x00007ffecef00000 - 0x00007ffecef43000 	C:\Windows\SYSTEM32\icm32.dll
0x00007ffed65b0000 - 0x00007ffed660a000 	C:\Windows\SYSTEM32\WINSTA.dll
0x0000000067cc0000 - 0x00000000681b3000 	C:\Users\nyhso\AppData\Local\Temp\libgdxnyhso\94dd86da\gdx-bullet64.dll

dbghelp: loaded successfully - version: 4.0.5 - missing functions: none
symbol engine: initialized successfully - sym options: 0x614 - pdb path: .;D:\Me\jdk-11\bin;C:\Windows\SYSTEM32;C:\Windows\WinSxS\amd64_microsoft.windows.common-controls_6595b64144ccf1df_6.0.19041.488_none_ca04af081b815d21;D:\Me\jdk-11\bin\server;C:\Windows\System32\DriverStore\FileRepository\nv_dispi.inf_amd64_ba8c9c14f3d320cb;C:\Users\nyhso\AppData\Local\Temp\libgdxnyhso\7d76f548;C:\Users\nyhso\AppData\Local\Temp\libgdxnyhso\1cecf4f6;C:\Users\nyhso\AppData\Local\Temp\libgdxnyhso\94dd86da

VM Arguments:
jvm_args: -agentlib:jdwp=transport=dt_socket,server=n,suspend=y,address=60784 -Dfile.encoding=windows-1252 -Duser.country=US -Duser.language=en -Duser.variant 
java_command: com.simple.castle.server.ServerLauncher
java_class_path (initial): C:\Users\nyhso\IdeaProjects\simple-castle\sc\user\server\build\classes\java\main;C:\Users\nyhso\IdeaProjects\simple-castle\sc\user\server\build\classes\kotlin\main;C:\Users\nyhso\IdeaProjects\simple-castle\sc\user\server\build\resources\main;C:\Users\nyhso\IdeaProjects\simple-castle\sc\server\server-core\build\libs\server-core-1.0.jar;C:\Users\nyhso\.gradle\caches\modules-2\files-2.1\com.badlogicgames.gdx\gdx-backend-lwjgl\1.9.10\8f88abd43500d94c486d25f04d642318da72773a\gdx-backend-lwjgl-1.9.10.jar;C:\Users\nyhso\.gradle\caches\modules-2\files-2.1\com.badlogicgames.gdx\gdx-platform\1.9.10\1907b49f8363dd1ee37d273854a9cc3c741a6e66\gdx-platform-1.9.10-natives-desktop.jar;C:\Users\nyhso\.gradle\caches\modules-2\files-2.1\com.badlogicgames.gdx\gdx-bullet-platform\1.9.10\ad7c3c0fff16dacf0ff137407060f8b5841bbe8f\gdx-bullet-platform-1.9.10-natives-desktop.jar;C:\Users\nyhso\.gradle\caches\modules-2\files-2.1\org.jetbrains.kotlin\kotlin-stdlib\1.4.0\63e75298e93d4ae0b299bb869cf0c627196f8843\kotlin-stdlib-1.4.0.jar;C:\Users\nyhso\.gradle\caches\modules-2\files-2.1\org.mockito\mockito-all\1.10.19\539df70269cc254a58cccc5d8e43286b4a73bf30\mockito-all-1.10.19.jar;C:\Users\nyhso\.gradle\caches\modules-2\files-2.1\com.badlogicgames.gdx\gdx-backend-headless\1.9.10\d357526e6bb3d36b01b4f833ab42588e5285d487\gdx-backend-headless-1.9.10.jar;C:\Users\nyhso\.gradle\caches\modules-2\files-2.1\com.badlogicgames.gdx\gdx-bullet\1.9.10\4208c56dd3fa70377b5b3da66278b3070ade38cc\gdx-bullet-1.9.10.jar;C:\Users\nyhso\.gradle\caches\modules-2\files-2.1\com.badlogicgames.ashley\ashley\1.7.3\8482bc42449d5e6d92d03ebb319c2b2d386e644a\ashley-1.7.3.jar;C:\Users\nyhso\.gradle\caches\modules-2\files-2.1\com.badlogicgames.gdx\gdx\1.9.10\79d9ad27bd5e3eb18c9ade61d3a27d7237695d53\gdx-1.9.10.jar;C:\Users\nyhso\.gradle\caches\modules-2\files-2.1\org.lwjgl.lwjgl\lwjgl_util\2.9.3\751f06b62424da056954c67288fd5c494431e350\lwjgl_util-2.9.3.jar;C:\Users\nyhso\.gradle\caches\modules-2\files-2.
Launcher Type: SUN_STANDARD

[Global flags]
     intx CICompilerCount                          = 4                                         {product} {ergonomic}
     uint ConcGCThreads                            = 3                                         {product} {ergonomic}
     uint G1ConcRefinementThreads                  = 10                                        {product} {ergonomic}
   size_t G1HeapRegionSize                         = 1048576                                   {product} {ergonomic}
    uintx GCDrainStackTargetSize                   = 64                                        {product} {ergonomic}
   size_t InitialHeapSize                          = 402653184                                 {product} {ergonomic}
   size_t MarkStackSize                            = 4194304                                   {product} {ergonomic}
   size_t MaxHeapSize                              = 6425673728                                {product} {ergonomic}
   size_t MaxNewSize                               = 3854565376                                {product} {ergonomic}
   size_t MinHeapDeltaBytes                        = 1048576                                   {product} {ergonomic}
    uintx NonNMethodCodeHeapSize                   = 5835340                                {pd product} {ergonomic}
    uintx NonProfiledCodeHeapSize                  = 122911450                              {pd product} {ergonomic}
    uintx ProfiledCodeHeapSize                     = 122911450                              {pd product} {ergonomic}
    uintx ReservedCodeCacheSize                    = 251658240                              {pd product} {ergonomic}
     bool SegmentedCodeCache                       = true                                      {product} {ergonomic}
     bool UseCompressedClassPointers               = true                                 {lp64_product} {ergonomic}
     bool UseCompressedOops                        = true                                 {lp64_product} {ergonomic}
     bool UseG1GC                                  = true                                      {product} {ergonomic}
     bool UseLargePagesIndividualAllocation        = false                                  {pd product} {ergonomic}

Logging:
Log output configuration:
 #0: stdout all=warning uptime,level,tags
 #1: stderr all=off uptime,level,tags

Environment Variables:
PATH=C:\Windows\system32;C:\Windows;C:\Windows\System32\Wbem;C:\Windows\System32\WindowsPowerShell\v1.0\;C:\Windows\System32\OpenSSH\;C:\Program Files\Docker\Docker\resources\bin;C:\ProgramData\DockerDesktop\version-bin;C:\Program Files\Git\cmd;C:\Program Files\NVIDIA Corporation\NVIDIA NvDLISR;C:\Program Files (x86)\NVIDIA Corporation\PhysX\Common;C:\Users\nyhso\AppData\Local\Microsoft\WindowsApps;C:\Users\nyhso\AppData\Local\Programs\Microsoft VS Code\bin;C:\Program Files\Git\bin
USERNAME=nyhso
OS=Windows_NT
PROCESSOR_IDENTIFIER=AMD64 Family 23 Model 1 Stepping 1, AuthenticAMD



---------------  S Y S T E M  ---------------

OS: Windows 10 , 64 bit Build 19041 (10.0.19041.292)

CPU:total 12 (initial active 12) (12 cores per cpu, 2 threads per core) family 23 model 1 stepping 1, cmov, cx8, fxsr, mmx, sse, sse2, sse3, ssse3, sse4.1, sse4.2, popcnt, avx, avx2, aes, clmul, mmxext, 3dnowpref, lzcnt, sse4a, ht, tsc, tscinvbit, tscinv, bmi1, bmi2, adx, sha, fma

Memory: 4k page, system-wide physical 24510M (12378M free)
TotalPageFile size 28094M (AvailPageFile size 10169M)
current process WorkingSet (physical memory assigned to process): 166M, peak: 196M
current process commit charge ("private bytes"): 592M, peak: 625M

vm_info: OpenJDK 64-Bit Server VM (11+28) for windows-amd64 JRE (11+28), built on Aug 23 2018 03:04:58 by "mach5one" with MS VC++ 15.5 (VS2017)

END.
